DEPRECATION WARNING: Single arity template handlers are deprecated. Template handlers must
now accept two parameters, the view object and the source for the view object.
Change:
  >> Coffee::Rails::TemplateHandler.call(template)
To:
  >> Coffee::Rails::TemplateHandler.call(template, source)
 (called from <main> at /Users/cassidyhardin/Desktop/CS/Tarjimly/config/environment.rb:6)
DEPRECATION WARNING: Single arity template handlers are deprecated. Template handlers must
now accept two parameters, the view object and the source for the view object.
Change:
  >> Coffee::Rails::TemplateHandler.call(template)
To:
  >> Coffee::Rails::TemplateHandler.call(template, source)
 (called from <main> at /Users/cassidyhardin/Desktop/CS/Tarjimly/config/environment.rb:6)
DEPRECATION WARNING: Single arity template handlers are deprecated. Template handlers must
now accept two parameters, the view object and the source for the view object.
Change:
  >> Coffee::Rails::TemplateHandler.call(template)
To:
  >> Coffee::Rails::TemplateHandler.call(template, source)
 (called from <main> at /Users/cassidyhardin/Desktop/CS/Tarjimly/config/environment.rb:6)
Started GET "/" for ::1 at 2019-11-10 00:22:18 -0800
  [1m[35m (0.7ms)[0m  [1m[34mSELECT sqlite_version(*)[0m
  [1m[35m (0.3ms)[0m  [1m[34mSELECT "schema_migrations"."version" FROM "schema_migrations" ORDER BY "schema_migrations"."version" ASC[0m
Processing by RequestsController#index as HTML
  Rendering requests/index.html.haml
  [1m[36mRequest Load (0.4ms)[0m  [1m[34mSELECT "requests".* FROM "requests" WHERE "requests"."user_tarjimly_id" IS NULL[0m
  ↳ app/views/requests/index.html.haml:18
  Rendered requests/index.html.haml (Duration: 18.6ms | Allocations: 16735)
Completed 500 Internal Server Error in 45ms (ActiveRecord: 1.4ms | Allocations: 21984)


  
ActionView::Template::Error (wrong number of arguments (given 0, expected 1..2)):
    18:         -@requests.each do |r|
    19:             %tr
    20:                 %td=r.title 
    21:                 %td=t.from_language
    22:                 %td=t.to_language
    23:                 %td=r._status
    24:                 %td=r.deadline
  
app/views/requests/index.html.haml:21
app/views/requests/index.html.haml:18
Started GET "/" for ::1 at 2019-11-10 00:22:43 -0800
Processing by RequestsController#index as HTML
  Rendering requests/index.html.haml
  [1m[36mRequest Load (0.1ms)[0m  [1m[34mSELECT "requests".* FROM "requests" WHERE "requests"."user_tarjimly_id" IS NULL[0m
  ↳ app/views/requests/index.html.haml:18
  Rendered requests/index.html.haml (Duration: 3.8ms | Allocations: 5121)
Completed 500 Internal Server Error in 7ms (ActiveRecord: 0.1ms | Allocations: 6475)


  
ActionView::Template::Error (No route matches {:action=>"new", :controller=>"requests"}, missing required keys: [:uid]):
    26: 
    27: 
    28: 
    29: = link_to 'Add new Request', new_request_path
  
app/views/requests/index.html.haml:29
Started GET "/" for ::1 at 2019-11-10 00:22:53 -0800
Processing by RequestsController#index as HTML
  Rendering requests/index.html.haml
  [1m[36mRequest Load (0.1ms)[0m  [1m[34mSELECT "requests".* FROM "requests" WHERE "requests"."user_tarjimly_id" IS NULL[0m
  ↳ app/views/requests/index.html.haml:18
  Rendered requests/index.html.haml (Duration: 3.3ms | Allocations: 4204)
Completed 200 OK in 6ms (Views: 5.0ms | ActiveRecord: 0.1ms | Allocations: 5545)


Started GET "/" for ::1 at 2019-11-10 00:23:47 -0800
  [1m[35m (0.1ms)[0m  [1m[34mSELECT sqlite_version(*)[0m
Processing by RequestsController#index as HTML
  Rendering requests/index.html.haml
  [1m[36mRequest Load (0.1ms)[0m  [1m[34mSELECT "requests".* FROM "requests" WHERE "requests"."user_tarjimly_id" = ?[0m  [["user_tarjimly_id", 234]]
  ↳ app/views/requests/index.html.haml:18
  Rendered requests/index.html.haml (Duration: 1.0ms | Allocations: 636)
Completed 200 OK in 6ms (Views: 1.4ms | ActiveRecord: 0.4ms | Allocations: 4185)


Started GET "/" for ::1 at 2019-11-10 00:23:48 -0800
Processing by RequestsController#index as HTML
  Rendering requests/index.html.haml
  [1m[36mRequest Load (0.2ms)[0m  [1m[34mSELECT "requests".* FROM "requests" WHERE "requests"."user_tarjimly_id" = ?[0m  [["user_tarjimly_id", 234]]
  ↳ app/views/requests/index.html.haml:18
  Rendered requests/index.html.haml (Duration: 1.4ms | Allocations: 584)
Completed 200 OK in 3ms (Views: 1.8ms | ActiveRecord: 0.2ms | Allocations: 996)


Started GET "/" for ::1 at 2019-11-10 00:23:49 -0800
Processing by RequestsController#index as HTML
  Rendering requests/index.html.haml
  [1m[36mRequest Load (0.1ms)[0m  [1m[34mSELECT "requests".* FROM "requests" WHERE "requests"."user_tarjimly_id" = ?[0m  [["user_tarjimly_id", 234]]
  ↳ app/views/requests/index.html.haml:18
  Rendered requests/index.html.haml (Duration: 1.3ms | Allocations: 585)
Completed 200 OK in 3ms (Views: 1.7ms | ActiveRecord: 0.1ms | Allocations: 997)


Started GET "/" for ::1 at 2019-11-10 00:23:49 -0800
Processing by RequestsController#index as HTML
  Rendering requests/index.html.haml
  [1m[36mRequest Load (0.1ms)[0m  [1m[34mSELECT "requests".* FROM "requests" WHERE "requests"."user_tarjimly_id" = ?[0m  [["user_tarjimly_id", 234]]
  ↳ app/views/requests/index.html.haml:18
  Rendered requests/index.html.haml (Duration: 1.3ms | Allocations: 584)
Completed 200 OK in 3ms (Views: 1.8ms | ActiveRecord: 0.1ms | Allocations: 996)


Started GET "/" for ::1 at 2019-11-10 00:23:49 -0800
Processing by RequestsController#index as HTML
  Rendering requests/index.html.haml
  [1m[36mRequest Load (0.1ms)[0m  [1m[34mSELECT "requests".* FROM "requests" WHERE "requests"."user_tarjimly_id" = ?[0m  [["user_tarjimly_id", 234]]
  ↳ app/views/requests/index.html.haml:18
  Rendered requests/index.html.haml (Duration: 1.1ms | Allocations: 584)
Completed 200 OK in 2ms (Views: 1.5ms | ActiveRecord: 0.1ms | Allocations: 996)


Started GET "/" for ::1 at 2019-11-10 00:23:49 -0800
Processing by RequestsController#index as HTML
  Rendering requests/index.html.haml
  [1m[36mRequest Load (0.2ms)[0m  [1m[34mSELECT "requests".* FROM "requests" WHERE "requests"."user_tarjimly_id" = ?[0m  [["user_tarjimly_id", 234]]
  ↳ app/views/requests/index.html.haml:18
  Rendered requests/index.html.haml (Duration: 1.8ms | Allocations: 584)
Completed 200 OK in 4ms (Views: 2.3ms | ActiveRecord: 0.2ms | Allocations: 996)


Started GET "/" for ::1 at 2019-11-10 00:26:20 -0800
Processing by RequestsController#index as HTML
  Rendering requests/index.html.haml
  [1m[36mRequest Load (0.2ms)[0m  [1m[34mSELECT "requests".* FROM "requests" WHERE "requests"."user_tarjimly_id" = ?[0m  [["user_tarjimly_id", 234]]
  ↳ app/views/requests/index.html.haml:18
  Rendered requests/index.html.haml (Duration: 3.7ms | Allocations: 4163)
Completed 200 OK in 7ms (Views: 5.3ms | ActiveRecord: 0.2ms | Allocations: 5469)


Started GET "/" for ::1 at 2019-11-10 00:26:20 -0800
Processing by RequestsController#index as HTML
  Rendering requests/index.html.haml
  [1m[36mRequest Load (0.1ms)[0m  [1m[34mSELECT "requests".* FROM "requests" WHERE "requests"."user_tarjimly_id" = ?[0m  [["user_tarjimly_id", 234]]
  ↳ app/views/requests/index.html.haml:18
  Rendered requests/index.html.haml (Duration: 1.1ms | Allocations: 584)
Completed 200 OK in 2ms (Views: 1.4ms | ActiveRecord: 0.1ms | Allocations: 997)


Started GET "/" for ::1 at 2019-11-10 00:26:21 -0800
Processing by RequestsController#index as HTML
  Rendering requests/index.html.haml
  [1m[36mRequest Load (0.1ms)[0m  [1m[34mSELECT "requests".* FROM "requests" WHERE "requests"."user_tarjimly_id" = ?[0m  [["user_tarjimly_id", 234]]
  ↳ app/views/requests/index.html.haml:18
  Rendered requests/index.html.haml (Duration: 1.0ms | Allocations: 584)
Completed 200 OK in 2ms (Views: 1.3ms | ActiveRecord: 0.1ms | Allocations: 996)


Started GET "/" for ::1 at 2019-11-10 00:26:21 -0800
Processing by RequestsController#index as HTML
  Rendering requests/index.html.haml
  [1m[36mRequest Load (0.1ms)[0m  [1m[34mSELECT "requests".* FROM "requests" WHERE "requests"."user_tarjimly_id" = ?[0m  [["user_tarjimly_id", 234]]
  ↳ app/views/requests/index.html.haml:18
  Rendered requests/index.html.haml (Duration: 1.0ms | Allocations: 584)
Completed 200 OK in 2ms (Views: 1.3ms | ActiveRecord: 0.1ms | Allocations: 996)


Started GET "/" for ::1 at 2019-11-10 00:27:04 -0800
Processing by RequestsController#index as HTML
  Rendering requests/index.html.haml
  [1m[36mRequest Load (0.1ms)[0m  [1m[34mSELECT "requests".* FROM "requests" WHERE "requests"."user_tarjimly_id" = ?[0m  [["user_tarjimly_id", 234]]
  ↳ app/views/requests/index.html.haml:18
  Rendered requests/index.html.haml (Duration: 3.5ms | Allocations: 4175)
Completed 200 OK in 7ms (Views: 5.2ms | ActiveRecord: 0.1ms | Allocations: 5489)


Started GET "/" for ::1 at 2019-11-10 00:27:36 -0800
  [1m[35m (0.1ms)[0m  [1m[34mSELECT sqlite_version(*)[0m
Processing by RequestsController#index as HTML
  Rendering requests/index.html.haml
  [1m[36mRequest Load (0.2ms)[0m  [1m[34mSELECT "requests".* FROM "requests" WHERE "requests"."user_tarjimly_id" = ?[0m  [["user_tarjimly_id", 1]]
  ↳ app/views/requests/index.html.haml:18
  Rendered requests/index.html.haml (Duration: 1.1ms | Allocations: 622)
Completed 200 OK in 7ms (Views: 1.6ms | ActiveRecord: 0.5ms | Allocations: 4130)


Started GET "/" for ::1 at 2019-11-10 00:27:37 -0800
Processing by RequestsController#index as HTML
  Rendering requests/index.html.haml
  [1m[36mRequest Load (0.2ms)[0m  [1m[34mSELECT "requests".* FROM "requests" WHERE "requests"."user_tarjimly_id" = ?[0m  [["user_tarjimly_id", 1]]
  ↳ app/views/requests/index.html.haml:18
  Rendered requests/index.html.haml (Duration: 1.4ms | Allocations: 584)
Completed 200 OK in 3ms (Views: 1.8ms | ActiveRecord: 0.2ms | Allocations: 996)


Started GET "/" for ::1 at 2019-11-10 00:27:37 -0800
Processing by RequestsController#index as HTML
  Rendering requests/index.html.haml
  [1m[36mRequest Load (0.2ms)[0m  [1m[34mSELECT "requests".* FROM "requests" WHERE "requests"."user_tarjimly_id" = ?[0m  [["user_tarjimly_id", 1]]
  ↳ app/views/requests/index.html.haml:18
  Rendered requests/index.html.haml (Duration: 1.4ms | Allocations: 584)
Completed 200 OK in 3ms (Views: 1.7ms | ActiveRecord: 0.2ms | Allocations: 996)


  [1m[35m (0.9ms)[0m  [1m[34mSELECT sqlite_version(*)[0m
  [1m[35m (0.4ms)[0m  [1m[34mSELECT "schema_migrations"."version" FROM "schema_migrations" ORDER BY "schema_migrations"."version" ASC[0m
  [1m[35m (0.0ms)[0m  [1m[34mSELECT sqlite_version(*)[0m
  [1m[35m (0.1ms)[0m  [1m[36mbegin transaction[0m
  [1m[36mRequest Create (0.9ms)[0m  [1m[32mINSERT INTO "requests" ("user_tarjimly_id", "from_language", "to_language", "document", "document_format", "deadline", "title", "description", "categories", "num_claims", "form_type", "_status", "created_at", "updated_at") VALUES (?, ?, ?, ?, ?, ?, ?, ?, ?, ?, ?, ?, ?, ?)[0m  [["user_tarjimly_id", 1], ["from_language", "English"], ["to_language", "Arabic"], ["document", "location_of_file"], ["document_format", "pdf"], ["deadline", "2019-11-25 00:00:00"], ["title", "Camp Announcment"], ["description", "Event going on in camp"], ["categories", "MISSING"], ["num_claims", 0], ["form_type", "N/A"], ["_status", 0], ["created_at", "2019-11-10 08:27:50.536023"], ["updated_at", "2019-11-10 08:27:50.536023"]]
  [1m[35m (0.8ms)[0m  [1m[36mcommit transaction[0m
  [1m[35m (0.0ms)[0m  [1m[36mbegin transaction[0m
  [1m[36mRequest Create (0.4ms)[0m  [1m[32mINSERT INTO "requests" ("user_tarjimly_id", "from_language", "to_language", "document", "document_format", "deadline", "title", "description", "categories", "num_claims", "form_type", "_status", "created_at", "updated_at") VALUES (?, ?, ?, ?, ?, ?, ?, ?, ?, ?, ?, ?, ?, ?)[0m  [["user_tarjimly_id", 1], ["from_language", "English"], ["to_language", "Urdu"], ["document", "location_of_file"], ["document_format", "pdf"], ["deadline", "2019-11-25 00:00:00"], ["title", "Camp Announcment"], ["description", "Event going on in camp"], ["categories", "MISSING"], ["num_claims", 0], ["form_type", "N/A"], ["_status", 0], ["created_at", "2019-11-10 08:27:50.547099"], ["updated_at", "2019-11-10 08:27:50.547099"]]
  [1m[35m (0.7ms)[0m  [1m[36mcommit transaction[0m
  [1m[35m (0.9ms)[0m  [1m[36mbegin transaction[0m
  [1m[36mRequest Create (1.1ms)[0m  [1m[32mINSERT INTO "requests" ("user_tarjimly_id", "from_language", "to_language", "document", "document_format", "deadline", "title", "description", "categories", "num_claims", "form_type", "_status", "created_at", "updated_at") VALUES (?, ?, ?, ?, ?, ?, ?, ?, ?, ?, ?, ?, ?, ?)[0m  [["user_tarjimly_id", 2], ["from_language", "Arabic"], ["to_language", "Urdu"], ["document", "location_of_file"], ["document_format", "jpg"], ["deadline", "2019-12-25 00:00:00"], ["title", "Visa Application"], ["description", "Information for steps in visa application"], ["categories", "MISSING"], ["num_claims", 0], ["form_type", "Visa Application"], ["_status", 0], ["created_at", "2019-11-10 08:27:50.554689"], ["updated_at", "2019-11-10 08:27:50.554689"]]
  [1m[35m (0.7ms)[0m  [1m[36mcommit transaction[0m
  [1m[35m (0.1ms)[0m  [1m[36mbegin transaction[0m
  [1m[36mRequest Create (0.4ms)[0m  [1m[32mINSERT INTO "requests" ("user_tarjimly_id", "from_language", "to_language", "document", "document_format", "deadline", "title", "description", "categories", "num_claims", "form_type", "_status", "created_at", "updated_at") VALUES (?, ?, ?, ?, ?, ?, ?, ?, ?, ?, ?, ?, ?, ?)[0m  [["user_tarjimly_id", 3], ["from_language", "Urdu"], ["to_language", "English"], ["document", "location_of_file"], ["document_format", "png"], ["deadline", "2019-11-15 00:00:00"], ["title", "Governement Forms"], ["description", "Governemnt forms regarding family dependencies"], ["categories", "MISSING"], ["num_claims", 0], ["form_type", "N/A"], ["_status", 0], ["created_at", "2019-11-10 08:27:50.562920"], ["updated_at", "2019-11-10 08:27:50.562920"]]
  [1m[35m (0.6ms)[0m  [1m[36mcommit transaction[0m
  [1m[35m (0.0ms)[0m  [1m[36mbegin transaction[0m
  [1m[36mRequest Create (0.4ms)[0m  [1m[32mINSERT INTO "requests" ("user_tarjimly_id", "from_language", "to_language", "document", "document_format", "deadline", "title", "description", "categories", "num_claims", "form_type", "_status", "created_at", "updated_at") VALUES (?, ?, ?, ?, ?, ?, ?, ?, ?, ?, ?, ?, ?, ?)[0m  [["user_tarjimly_id", 4], ["from_language", "English"], ["to_language", "Arabic"], ["document", "location_of_file"], ["document_format", "pdf"], ["deadline", "2020-01-01 00:00:00"], ["title", "Doctor Notes"], ["description", "Notes from recent Doctors visit"], ["categories", "MISSING"], ["num_claims", 0], ["form_type", "N/A"], ["_status", 0], ["created_at", "2019-11-10 08:27:50.572369"], ["updated_at", "2019-11-10 08:27:50.572369"]]
  [1m[35m (0.9ms)[0m  [1m[36mcommit transaction[0m
  [1m[35m (0.1ms)[0m  [1m[36mbegin transaction[0m
  [1m[36mRequest Create (0.3ms)[0m  [1m[32mINSERT INTO "requests" ("user_tarjimly_id", "from_language", "to_language", "document", "document_format", "deadline", "title", "description", "categories", "num_claims", "form_type", "_status", "created_at", "updated_at") VALUES (?, ?, ?, ?, ?, ?, ?, ?, ?, ?, ?, ?, ?, ?)[0m  [["user_tarjimly_id", 5], ["from_language", "English"], ["to_language", "Arabic"], ["document", "location_of_file"], ["document_format", "pdf"], ["deadline", "2019-12-25 00:00:00"], ["title", "Lawyer Meeting"], ["description", "Times to schedulue upcoming appointment"], ["categories", "MISSING"], ["num_claims", 0], ["form_type", "N/A"], ["_status", 0], ["created_at", "2019-11-10 08:27:50.582920"], ["updated_at", "2019-11-10 08:27:50.582920"]]
  [1m[35m (0.6ms)[0m  [1m[36mcommit transaction[0m
  [1m[35m (1.9ms)[0m  [1m[34mSELECT sqlite_version(*)[0m
  [1m[35m (0.5ms)[0m  [1m[34mSELECT "schema_migrations"."version" FROM "schema_migrations" ORDER BY "schema_migrations"."version" ASC[0m
  [1m[36mActiveRecord::InternalMetadata Load (1.0ms)[0m  [1m[34mSELECT "ar_internal_metadata".* FROM "ar_internal_metadata" WHERE "ar_internal_metadata"."key" = ? LIMIT ?[0m  [["key", "environment"], ["LIMIT", 1]]
  [1m[35m (0.0ms)[0m  [1m[34mSELECT sqlite_version(*)[0m
  [1m[35m (0.1ms)[0m  [1m[34mSELECT "schema_migrations"."version" FROM "schema_migrations" ORDER BY "schema_migrations"."version" ASC[0m
  [1m[35m (1.7ms)[0m  [1m[34mSELECT sqlite_version(*)[0m
  [1m[35m (0.1ms)[0m  [1m[34mSELECT "schema_migrations"."version" FROM "schema_migrations" ORDER BY "schema_migrations"."version" ASC[0m
  [1m[35m (0.0ms)[0m  [1m[34mSELECT sqlite_version(*)[0m
  [1m[35m (0.1ms)[0m  [1m[36mbegin transaction[0m
  [1m[36mRequest Create (0.4ms)[0m  [1m[32mINSERT INTO "requests" ("user_tarjimly_id", "from_language", "to_language", "document", "document_format", "deadline", "title", "description", "categories", "num_claims", "form_type", "_status", "created_at", "updated_at") VALUES (?, ?, ?, ?, ?, ?, ?, ?, ?, ?, ?, ?, ?, ?)[0m  [["user_tarjimly_id", 1], ["from_language", "English"], ["to_language", "Arabic"], ["document", "location_of_file"], ["document_format", "pdf"], ["deadline", "2019-11-25 00:00:00"], ["title", "Camp Announcment"], ["description", "Event going on in camp"], ["categories", "MISSING"], ["num_claims", 0], ["form_type", "N/A"], ["_status", 0], ["created_at", "2019-11-10 08:31:32.375579"], ["updated_at", "2019-11-10 08:31:32.375579"]]
  [1m[35m (1.4ms)[0m  [1m[36mcommit transaction[0m
  [1m[35m (0.1ms)[0m  [1m[36mbegin transaction[0m
  [1m[36mRequest Create (0.3ms)[0m  [1m[32mINSERT INTO "requests" ("user_tarjimly_id", "from_language", "to_language", "document", "document_format", "deadline", "title", "description", "categories", "num_claims", "form_type", "_status", "created_at", "updated_at") VALUES (?, ?, ?, ?, ?, ?, ?, ?, ?, ?, ?, ?, ?, ?)[0m  [["user_tarjimly_id", 1], ["from_language", "English"], ["to_language", "Urdu"], ["document", "location_of_file"], ["document_format", "pdf"], ["deadline", "2019-11-25 00:00:00"], ["title", "Camp Announcment"], ["description", "Event going on in camp"], ["categories", "MISSING"], ["num_claims", 0], ["form_type", "N/A"], ["_status", 0], ["created_at", "2019-11-10 08:31:32.390685"], ["updated_at", "2019-11-10 08:31:32.390685"]]
  [1m[35m (1.5ms)[0m  [1m[36mcommit transaction[0m
  [1m[35m (0.1ms)[0m  [1m[36mbegin transaction[0m
  [1m[36mRequest Create (0.4ms)[0m  [1m[32mINSERT INTO "requests" ("user_tarjimly_id", "from_language", "to_language", "document", "document_format", "deadline", "title", "description", "categories", "num_claims", "form_type", "_status", "created_at", "updated_at") VALUES (?, ?, ?, ?, ?, ?, ?, ?, ?, ?, ?, ?, ?, ?)[0m  [["user_tarjimly_id", 2], ["from_language", "Arabic"], ["to_language", "Urdu"], ["document", "location_of_file"], ["document_format", "jpg"], ["deadline", "2019-12-25 00:00:00"], ["title", "Visa Application"], ["description", "Information for steps in visa application"], ["categories", "MISSING"], ["num_claims", 0], ["form_type", "Visa Application"], ["_status", 0], ["created_at", "2019-11-10 08:31:32.400674"], ["updated_at", "2019-11-10 08:31:32.400674"]]
  [1m[35m (0.8ms)[0m  [1m[36mcommit transaction[0m
  [1m[35m (0.0ms)[0m  [1m[36mbegin transaction[0m
  [1m[36mRequest Create (0.3ms)[0m  [1m[32mINSERT INTO "requests" ("user_tarjimly_id", "from_language", "to_language", "document", "document_format", "deadline", "title", "description", "categories", "num_claims", "form_type", "_status", "created_at", "updated_at") VALUES (?, ?, ?, ?, ?, ?, ?, ?, ?, ?, ?, ?, ?, ?)[0m  [["user_tarjimly_id", 3], ["from_language", "Urdu"], ["to_language", "English"], ["document", "location_of_file"], ["document_format", "png"], ["deadline", "2019-11-15 00:00:00"], ["title", "Governement Forms"], ["description", "Governemnt forms regarding family dependencies"], ["categories", "MISSING"], ["num_claims", 0], ["form_type", "N/A"], ["_status", 0], ["created_at", "2019-11-10 08:31:32.411577"], ["updated_at", "2019-11-10 08:31:32.411577"]]
  [1m[35m (1.1ms)[0m  [1m[36mcommit transaction[0m
  [1m[35m (0.1ms)[0m  [1m[36mbegin transaction[0m
  [1m[36mRequest Create (0.4ms)[0m  [1m[32mINSERT INTO "requests" ("user_tarjimly_id", "from_language", "to_language", "document", "document_format", "deadline", "title", "description", "categories", "num_claims", "form_type", "_status", "created_at", "updated_at") VALUES (?, ?, ?, ?, ?, ?, ?, ?, ?, ?, ?, ?, ?, ?)[0m  [["user_tarjimly_id", 4], ["from_language", "English"], ["to_language", "Arabic"], ["document", "location_of_file"], ["document_format", "pdf"], ["deadline", "2020-01-01 00:00:00"], ["title", "Doctor Notes"], ["description", "Notes from recent Doctors visit"], ["categories", "MISSING"], ["num_claims", 0], ["form_type", "N/A"], ["_status", 0], ["created_at", "2019-11-10 08:31:32.423019"], ["updated_at", "2019-11-10 08:31:32.423019"]]
  [1m[35m (0.8ms)[0m  [1m[36mcommit transaction[0m
  [1m[35m (0.1ms)[0m  [1m[36mbegin transaction[0m
  [1m[36mRequest Create (0.4ms)[0m  [1m[32mINSERT INTO "requests" ("user_tarjimly_id", "from_language", "to_language", "document", "document_format", "deadline", "title", "description", "categories", "num_claims", "form_type", "_status", "created_at", "updated_at") VALUES (?, ?, ?, ?, ?, ?, ?, ?, ?, ?, ?, ?, ?, ?)[0m  [["user_tarjimly_id", 5], ["from_language", "English"], ["to_language", "Arabic"], ["document", "location_of_file"], ["document_format", "pdf"], ["deadline", "2019-12-25 00:00:00"], ["title", "Lawyer Meeting"], ["description", "Times to schedulue upcoming appointment"], ["categories", "MISSING"], ["num_claims", 0], ["form_type", "N/A"], ["_status", 0], ["created_at", "2019-11-10 08:31:32.433336"], ["updated_at", "2019-11-10 08:31:32.433336"]]
  [1m[35m (1.2ms)[0m  [1m[36mcommit transaction[0m
  [1m[35m (0.3ms)[0m  [1m[34mSELECT sqlite_version(*)[0m
  [1m[35m (0.1ms)[0m  [1m[34mSELECT "schema_migrations"."version" FROM "schema_migrations" ORDER BY "schema_migrations"."version" ASC[0m
  [1m[35m (0.1ms)[0m  [1m[34mSELECT sqlite_version(*)[0m
  [1m[35m (0.1ms)[0m  [1m[36mbegin transaction[0m
  [1m[36mRequest Create (0.5ms)[0m  [1m[32mINSERT INTO "requests" ("user_tarjimly_id", "from_language", "to_language", "document", "document_format", "deadline", "title", "description", "categories", "num_claims", "form_type", "_status", "created_at", "updated_at") VALUES (?, ?, ?, ?, ?, ?, ?, ?, ?, ?, ?, ?, ?, ?)[0m  [["user_tarjimly_id", 1], ["from_language", "English"], ["to_language", "Arabic"], ["document", "location_of_file"], ["document_format", "pdf"], ["deadline", "2019-11-25 00:00:00"], ["title", "Camp Announcment"], ["description", "Event going on in camp"], ["categories", "MISSING"], ["num_claims", 0], ["form_type", "N/A"], ["_status", 0], ["created_at", "2019-11-10 08:32:45.268014"], ["updated_at", "2019-11-10 08:32:45.268014"]]
  [1m[35m (3.0ms)[0m  [1m[36mcommit transaction[0m
  [1m[35m (0.1ms)[0m  [1m[36mbegin transaction[0m
  [1m[36mRequest Create (0.4ms)[0m  [1m[32mINSERT INTO "requests" ("user_tarjimly_id", "from_language", "to_language", "document", "document_format", "deadline", "title", "description", "categories", "num_claims", "form_type", "_status", "created_at", "updated_at") VALUES (?, ?, ?, ?, ?, ?, ?, ?, ?, ?, ?, ?, ?, ?)[0m  [["user_tarjimly_id", 1], ["from_language", "English"], ["to_language", "Urdu"], ["document", "location_of_file"], ["document_format", "pdf"], ["deadline", "2019-11-25 00:00:00"], ["title", "Camp Announcment"], ["description", "Event going on in camp"], ["categories", "MISSING"], ["num_claims", 0], ["form_type", "N/A"], ["_status", 0], ["created_at", "2019-11-10 08:32:45.288127"], ["updated_at", "2019-11-10 08:32:45.288127"]]
  [1m[35m (1.4ms)[0m  [1m[36mcommit transaction[0m
  [1m[35m (0.1ms)[0m  [1m[36mbegin transaction[0m
  [1m[36mRequest Create (0.4ms)[0m  [1m[32mINSERT INTO "requests" ("user_tarjimly_id", "from_language", "to_language", "document", "document_format", "deadline", "title", "description", "categories", "num_claims", "form_type", "_status", "created_at", "updated_at") VALUES (?, ?, ?, ?, ?, ?, ?, ?, ?, ?, ?, ?, ?, ?)[0m  [["user_tarjimly_id", 2], ["from_language", "Arabic"], ["to_language", "Urdu"], ["document", "location_of_file"], ["document_format", "jpg"], ["deadline", "2019-12-25 00:00:00"], ["title", "Visa Application"], ["description", "Information for steps in visa application"], ["categories", "MISSING"], ["num_claims", 0], ["form_type", "Visa Application"], ["_status", 0], ["created_at", "2019-11-10 08:32:45.293195"], ["updated_at", "2019-11-10 08:32:45.293195"]]
  [1m[35m (0.8ms)[0m  [1m[36mcommit transaction[0m
  [1m[35m (0.1ms)[0m  [1m[36mbegin transaction[0m
  [1m[36mRequest Create (0.4ms)[0m  [1m[32mINSERT INTO "requests" ("user_tarjimly_id", "from_language", "to_language", "document", "document_format", "deadline", "title", "description", "categories", "num_claims", "form_type", "_status", "created_at", "updated_at") VALUES (?, ?, ?, ?, ?, ?, ?, ?, ?, ?, ?, ?, ?, ?)[0m  [["user_tarjimly_id", 3], ["from_language", "Urdu"], ["to_language", "English"], ["document", "location_of_file"], ["document_format", "png"], ["deadline", "2019-11-15 00:00:00"], ["title", "Governement Forms"], ["description", "Governemnt forms regarding family dependencies"], ["categories", "MISSING"], ["num_claims", 0], ["form_type", "N/A"], ["_status", 0], ["created_at", "2019-11-10 08:32:45.297683"], ["updated_at", "2019-11-10 08:32:45.297683"]]
  [1m[35m (0.9ms)[0m  [1m[36mcommit transaction[0m
  [1m[35m (0.0ms)[0m  [1m[36mbegin transaction[0m
  [1m[36mRequest Create (0.4ms)[0m  [1m[32mINSERT INTO "requests" ("user_tarjimly_id", "from_language", "to_language", "document", "document_format", "deadline", "title", "description", "categories", "num_claims", "form_type", "_status", "created_at", "updated_at") VALUES (?, ?, ?, ?, ?, ?, ?, ?, ?, ?, ?, ?, ?, ?)[0m  [["user_tarjimly_id", 4], ["from_language", "English"], ["to_language", "Arabic"], ["document", "location_of_file"], ["document_format", "pdf"], ["deadline", "2020-01-01 00:00:00"], ["title", "Doctor Notes"], ["description", "Notes from recent Doctors visit"], ["categories", "MISSING"], ["num_claims", 0], ["form_type", "N/A"], ["_status", 0], ["created_at", "2019-11-10 08:32:45.301845"], ["updated_at", "2019-11-10 08:32:45.301845"]]
  [1m[35m (1.1ms)[0m  [1m[36mcommit transaction[0m
  [1m[35m (0.1ms)[0m  [1m[36mbegin transaction[0m
  [1m[36mRequest Create (0.4ms)[0m  [1m[32mINSERT INTO "requests" ("user_tarjimly_id", "from_language", "to_language", "document", "document_format", "deadline", "title", "description", "categories", "num_claims", "form_type", "_status", "created_at", "updated_at") VALUES (?, ?, ?, ?, ?, ?, ?, ?, ?, ?, ?, ?, ?, ?)[0m  [["user_tarjimly_id", 5], ["from_language", "English"], ["to_language", "Arabic"], ["document", "location_of_file"], ["document_format", "pdf"], ["deadline", "2019-12-25 00:00:00"], ["title", "Lawyer Meeting"], ["description", "Times to schedulue upcoming appointment"], ["categories", "MISSING"], ["num_claims", 0], ["form_type", "N/A"], ["_status", 0], ["created_at", "2019-11-10 08:32:45.306183"], ["updated_at", "2019-11-10 08:32:45.306183"]]
  [1m[35m (1.5ms)[0m  [1m[36mcommit transaction[0m
  [1m[35m (0.3ms)[0m  [1m[34mSELECT sqlite_version(*)[0m
  [1m[35m (0.1ms)[0m  [1m[34mSELECT "schema_migrations"."version" FROM "schema_migrations" ORDER BY "schema_migrations"."version" ASC[0m
  [1m[35m (0.1ms)[0m  [1m[34mSELECT sqlite_version(*)[0m
  [1m[35m (0.1ms)[0m  [1m[36mbegin transaction[0m
  [1m[36mRequest Create (0.4ms)[0m  [1m[32mINSERT INTO "requests" ("user_tarjimly_id", "from_language", "to_language", "document", "document_format", "deadline", "title", "description", "categories", "num_claims", "form_type", "_status", "created_at", "updated_at") VALUES (?, ?, ?, ?, ?, ?, ?, ?, ?, ?, ?, ?, ?, ?)[0m  [["user_tarjimly_id", 1], ["from_language", "English"], ["to_language", "Arabic"], ["document", "location_of_file"], ["document_format", "pdf"], ["deadline", "2019-11-25 00:00:00"], ["title", "Camp Announcment"], ["description", "Event going on in camp"], ["categories", "MISSING"], ["num_claims", 0], ["form_type", "N/A"], ["_status", 0], ["created_at", "2019-11-10 08:33:46.157436"], ["updated_at", "2019-11-10 08:33:46.157436"]]
  [1m[35m (1.3ms)[0m  [1m[36mcommit transaction[0m
  [1m[35m (0.1ms)[0m  [1m[36mbegin transaction[0m
  [1m[36mRequest Create (0.4ms)[0m  [1m[32mINSERT INTO "requests" ("user_tarjimly_id", "from_language", "to_language", "document", "document_format", "deadline", "title", "description", "categories", "num_claims", "form_type", "_status", "created_at", "updated_at") VALUES (?, ?, ?, ?, ?, ?, ?, ?, ?, ?, ?, ?, ?, ?)[0m  [["user_tarjimly_id", 1], ["from_language", "English"], ["to_language", "Urdu"], ["document", "location_of_file"], ["document_format", "pdf"], ["deadline", "2019-11-25 00:00:00"], ["title", "Camp Announcment"], ["description", "Event going on in camp"], ["categories", "MISSING"], ["num_claims", 0], ["form_type", "N/A"], ["_status", 0], ["created_at", "2019-11-10 08:33:46.169054"], ["updated_at", "2019-11-10 08:33:46.169054"]]
  [1m[35m (1.3ms)[0m  [1m[36mcommit transaction[0m
  [1m[35m (0.1ms)[0m  [1m[36mbegin transaction[0m
  [1m[36mRequest Create (0.4ms)[0m  [1m[32mINSERT INTO "requests" ("user_tarjimly_id", "from_language", "to_language", "document", "document_format", "deadline", "title", "description", "categories", "num_claims", "form_type", "_status", "created_at", "updated_at") VALUES (?, ?, ?, ?, ?, ?, ?, ?, ?, ?, ?, ?, ?, ?)[0m  [["user_tarjimly_id", 2], ["from_language", "Arabic"], ["to_language", "Urdu"], ["document", "location_of_file"], ["document_format", "jpg"], ["deadline", "2019-12-25 00:00:00"], ["title", "Visa Application"], ["description", "Information for steps in visa application"], ["categories", "MISSING"], ["num_claims", 0], ["form_type", "Visa Application"], ["_status", 0], ["created_at", "2019-11-10 08:33:46.179411"], ["updated_at", "2019-11-10 08:33:46.179411"]]
  [1m[35m (1.3ms)[0m  [1m[36mcommit transaction[0m
  [1m[35m (0.1ms)[0m  [1m[36mbegin transaction[0m
  [1m[36mRequest Create (0.5ms)[0m  [1m[32mINSERT INTO "requests" ("user_tarjimly_id", "from_language", "to_language", "document", "document_format", "deadline", "title", "description", "categories", "num_claims", "form_type", "_status", "created_at", "updated_at") VALUES (?, ?, ?, ?, ?, ?, ?, ?, ?, ?, ?, ?, ?, ?)[0m  [["user_tarjimly_id", 3], ["from_language", "Urdu"], ["to_language", "English"], ["document", "location_of_file"], ["document_format", "png"], ["deadline", "2019-11-15 00:00:00"], ["title", "Governement Forms"], ["description", "Governemnt forms regarding family dependencies"], ["categories", "MISSING"], ["num_claims", 0], ["form_type", "N/A"], ["_status", 0], ["created_at", "2019-11-10 08:33:46.190405"], ["updated_at", "2019-11-10 08:33:46.190405"]]
  [1m[35m (0.9ms)[0m  [1m[36mcommit transaction[0m
  [1m[35m (0.0ms)[0m  [1m[36mbegin transaction[0m
  [1m[36mRequest Create (0.4ms)[0m  [1m[32mINSERT INTO "requests" ("user_tarjimly_id", "from_language", "to_language", "document", "document_format", "deadline", "title", "description", "categories", "num_claims", "form_type", "_status", "created_at", "updated_at") VALUES (?, ?, ?, ?, ?, ?, ?, ?, ?, ?, ?, ?, ?, ?)[0m  [["user_tarjimly_id", 4], ["from_language", "English"], ["to_language", "Arabic"], ["document", "location_of_file"], ["document_format", "pdf"], ["deadline", "2020-01-01 00:00:00"], ["title", "Doctor Notes"], ["description", "Notes from recent Doctors visit"], ["categories", "MISSING"], ["num_claims", 0], ["form_type", "N/A"], ["_status", 0], ["created_at", "2019-11-10 08:33:46.200273"], ["updated_at", "2019-11-10 08:33:46.200273"]]
  [1m[35m (1.4ms)[0m  [1m[36mcommit transaction[0m
  [1m[35m (0.1ms)[0m  [1m[36mbegin transaction[0m
  [1m[36mRequest Create (0.8ms)[0m  [1m[32mINSERT INTO "requests" ("user_tarjimly_id", "from_language", "to_language", "document", "document_format", "deadline", "title", "description", "categories", "num_claims", "form_type", "_status", "created_at", "updated_at") VALUES (?, ?, ?, ?, ?, ?, ?, ?, ?, ?, ?, ?, ?, ?)[0m  [["user_tarjimly_id", 5], ["from_language", "English"], ["to_language", "Arabic"], ["document", "location_of_file"], ["document_format", "pdf"], ["deadline", "2019-12-25 00:00:00"], ["title", "Lawyer Meeting"], ["description", "Times to schedulue upcoming appointment"], ["categories", "MISSING"], ["num_claims", 0], ["form_type", "N/A"], ["_status", 0], ["created_at", "2019-11-10 08:33:46.212590"], ["updated_at", "2019-11-10 08:33:46.212590"]]
  [1m[35m (1.0ms)[0m  [1m[36mcommit transaction[0m
DEPRECATION WARNING: Single arity template handlers are deprecated. Template handlers must
now accept two parameters, the view object and the source for the view object.
Change:
  >> Coffee::Rails::TemplateHandler.call(template)
To:
  >> Coffee::Rails::TemplateHandler.call(template, source)
 (called from <main> at /Users/cassidyhardin/Desktop/CS/Tarjimly/config/environment.rb:6)
Started GET "/" for ::1 at 2019-11-10 00:34:02 -0800
  [1m[35m (0.4ms)[0m  [1m[34mSELECT sqlite_version(*)[0m
  [1m[35m (0.1ms)[0m  [1m[34mSELECT "schema_migrations"."version" FROM "schema_migrations" ORDER BY "schema_migrations"."version" ASC[0m
Processing by RequestsController#index as HTML
  Rendering requests/index.html.haml
  [1m[36mRequest Load (0.4ms)[0m  [1m[34mSELECT "requests".* FROM "requests" WHERE "requests"."user_tarjimly_id" = ?[0m  [["user_tarjimly_id", 1]]
  ↳ app/views/requests/index.html.haml:18
  Rendered requests/index.html.haml (Duration: 26.3ms | Allocations: 15591)
Completed 200 OK in 48ms (Views: 34.9ms | ActiveRecord: 1.1ms | Allocations: 20272)


Started GET "/" for ::1 at 2019-11-10 00:41:27 -0800
  [1m[35m (0.1ms)[0m  [1m[34mSELECT sqlite_version(*)[0m
Processing by RequestsController#index as HTML
  Rendering requests/index.html.haml
  [1m[36mRequest Load (0.2ms)[0m  [1m[34mSELECT "requests".* FROM "requests" WHERE "requests"."user_tarjimly_id" = ?[0m  [["user_tarjimly_id", 1]]
  ↳ app/views/requests/index.html.haml:18
  Rendered requests/index.html.haml (Duration: 26.0ms | Allocations: 9413)
Completed 200 OK in 36ms (Views: 27.2ms | ActiveRecord: 0.2ms | Allocations: 12595)


Started GET "/" for ::1 at 2019-11-10 00:41:33 -0800
  [1m[35m (0.1ms)[0m  [1m[34mSELECT sqlite_version(*)[0m
Processing by RequestsController#index as HTML
  Rendering requests/index.html.haml
  [1m[36mRequest Load (0.3ms)[0m  [1m[34mSELECT "requests".* FROM "requests" WHERE "requests"."user_tarjimly_id" = ?[0m  [["user_tarjimly_id", 2]]
  ↳ app/views/requests/index.html.haml:18
  Rendered requests/index.html.haml (Duration: 12.0ms | Allocations: 9326)
Completed 200 OK in 17ms (Views: 12.3ms | ActiveRecord: 0.9ms | Allocations: 12834)


Started GET "/" for ::1 at 2019-11-10 00:51:16 -0800
  [1m[35m (0.1ms)[0m  [1m[34mSELECT sqlite_version(*)[0m
Processing by RequestsController#index as HTML
  Rendering requests/index.html.haml
  [1m[36mRequest Load (1.0ms)[0m  [1m[34mSELECT "requests".* FROM "requests" WHERE "requests"."user_tarjimly_id" = ?[0m  [["user_tarjimly_id", 2]]
  ↳ app/views/requests/index.html.haml:18
  Rendered requests/index.html.haml (Duration: 10.6ms | Allocations: 9149)
Completed 200 OK in 17ms (Views: 10.3ms | ActiveRecord: 1.0ms | Allocations: 12331)


DEPRECATION WARNING: Using `bin/rake routes` is deprecated and will be removed in Rails 6.1. Use `bin/rails routes` instead.
 (called from load at /Users/cassidyhardin/.rvm/gems/ruby-2.6.3/bin/rake:23)
DEPRECATION WARNING: Single arity template handlers are deprecated. Template handlers must
now accept two parameters, the view object and the source for the view object.
Change:
  >> Coffee::Rails::TemplateHandler.call(template)
To:
  >> Coffee::Rails::TemplateHandler.call(template, source)
 (called from <main> at /Users/cassidyhardin/Desktop/CS/Tarjimly/config/environment.rb:6)
Started GET "/" for ::1 at 2019-11-10 01:12:24 -0800
  [1m[35m (1.2ms)[0m  [1m[34mSELECT sqlite_version(*)[0m
  [1m[35m (0.2ms)[0m  [1m[34mSELECT "schema_migrations"."version" FROM "schema_migrations" ORDER BY "schema_migrations"."version" ASC[0m
Processing by RequestsController#index as HTML
  Rendering requests/index.html.haml
  Rendered requests/index.html.haml (Duration: 14.3ms | Allocations: 10876)
Completed 500 Internal Server Error in 39ms (ActiveRecord: 0.4ms | Allocations: 15538)


Started GET "/" for ::1 at 2019-11-10 01:12:26 -0800
Processing by RequestsController#index as HTML
  Rendering requests/index.html.haml
  Rendered requests/index.html.haml (Duration: 9.9ms | Allocations: 4313)
Completed 500 Internal Server Error in 23ms (ActiveRecord: 0.0ms | Allocations: 4716)


  
ActionView::SyntaxErrorInTemplate (Encountered a syntax error while rendering template: check %h2 All Requests 

-# = form_tag 
%h3 All Translations
%h3 Pending Translations 
%h3 Completed Translations

%table#requests.table.table-striped.col-md-12
    %thead
        %tr
            %th Title 
            %th Request Language 
            %th Translation Language
            %th Status 
            %th Deadline

    %body 
        -@requests.each do |r|
            %tr
                %td= link_to "#{r.title}", %show_request_path(r) 
                %td= r.from_language
                %td= r.to_language
                %td= r._status
                %td= r.deadline

= link_to 'New Request', %new_request_path

):
1:    %h2 All Requests 
2:    
3:    -# = form_tag 
4:    %h3 All Translations
5:    %h3 Pending Translations 
6:    %h3 Completed Translations
7:    
8:    %table#requests.table.table-striped.col-md-12
9:        %thead
10:            %tr
11:                %th Title 
12:                %th Request Language 
13:                %th Translation Language
14:                %th Status 
15:                %th Deadline
16:    
17:        %body 
18:            -@requests.each do |r|
19:                %tr
20:                    %td= link_to "#{r.title}", %show_request_path(r) 
21:                    %td= r.from_language
22:                    %td= r.to_language
23:                    %td= r._status
24:                    %td= r.deadline
25:    
26:    = link_to 'New Request', %new_request_path
  
app/views/requests/index.html.haml:20: unknown type of %string
app/views/requests/index.html.haml:20: syntax error, unexpected end-of-input
app/views/requests/index.html.haml:20: unknown type of %string
app/views/requests/index.html.haml:20: syntax error, unexpected end-of-input
app/views/requests/index.html.haml:20: unknown type of %string
app/views/requests/index.html.haml:20: syntax error, unexpected end-of-input
app/views/requests/index.html.haml:20: unknown type of %string
app/views/requests/index.html.haml:20: syntax error, unexpected end-of-input
app/views/requests/index.html.haml:20: unknown type of %string
app/views/requests/index.html.haml:20: syntax error, unexpected end-of-input
app/views/requests/index.html.haml:20: unknown type of %string
app/views/requests/index.html.haml:20: syntax error, unexpected end-of-input
Started GET "/" for ::1 at 2019-11-10 01:12:53 -0800
Processing by RequestsController#index as HTML
  Rendering requests/index.html.haml
  Rendered requests/index.html.haml (Duration: 2.6ms | Allocations: 4381)
Completed 500 Internal Server Error in 6ms (ActiveRecord: 0.0ms | Allocations: 5724)


  
ActionView::SyntaxErrorInTemplate (Encountered a syntax error while rendering template: check %h2 All Requests 

-# = form_tag 
%h3 All Translations
%h3 Pending Translations 
%h3 Completed Translations

%table#requests.table.table-striped.col-md-12
    %thead
        %tr
            %th Title 
            %th Request Language 
            %th Translation Language
            %th Status 
            %th Deadline

    %body 
        -@requests.each do |r|
            %tr
                %td= link_to "#{r.title}", show_request_path(r) 
                %td= r.from_language
                %td= r.to_language
                %td= r._status
                %td= r.deadline

= link_to 'New Request', %new_request_path

):
1:    %h2 All Requests 
2:    
3:    -# = form_tag 
4:    %h3 All Translations
5:    %h3 Pending Translations 
6:    %h3 Completed Translations
7:    
8:    %table#requests.table.table-striped.col-md-12
9:        %thead
10:            %tr
11:                %th Title 
12:                %th Request Language 
13:                %th Translation Language
14:                %th Status 
15:                %th Deadline
16:    
17:        %body 
18:            -@requests.each do |r|
19:                %tr
20:                    %td= link_to "#{r.title}", show_request_path(r) 
21:                    %td= r.from_language
22:                    %td= r.to_language
23:                    %td= r._status
24:                    %td= r.deadline
25:    
26:    = link_to 'New Request', %new_request_path
  
app/views/requests/index.html.haml:26: unknown type of %string
app/views/requests/index.html.haml:26: syntax error, unexpected end-of-input
app/views/requests/index.html.haml:26: unknown type of %string
app/views/requests/index.html.haml:26: syntax error, unexpected end-of-input
app/views/requests/index.html.haml:26: unknown type of %string
app/views/requests/index.html.haml:26: syntax error, unexpected end-of-input
app/views/requests/index.html.haml:26: unknown type of %string
app/views/requests/index.html.haml:26: syntax error, unexpected end-of-input
app/views/requests/index.html.haml:26: unknown type of %string
app/views/requests/index.html.haml:26: syntax error, unexpected end-of-input
app/views/requests/index.html.haml:26: unknown type of %string
app/views/requests/index.html.haml:26: syntax error, unexpected end-of-input
Started GET "/" for ::1 at 2019-11-10 01:12:59 -0800
Processing by RequestsController#index as HTML
  Rendering requests/index.html.haml
  [1m[36mRequest Load (0.9ms)[0m  [1m[34mSELECT "requests".* FROM "requests" WHERE "requests"."user_tarjimly_id" = ?[0m  [["user_tarjimly_id", 2]]
  ↳ app/views/requests/index.html.haml:18
  Rendered requests/index.html.haml (Duration: 30.1ms | Allocations: 18250)
Completed 500 Internal Server Error in 33ms (ActiveRecord: 1.4ms | Allocations: 19544)


  
ActionView::Template::Error (No route matches {:action=>"show", :controller=>"requests", :uid=>#<Request id: 4, user_tarjimly_id: 2, from_language: "Arabic", to_language: "Urdu", document: "location_of_file", document_format: "jpg", deadline: "2019-12-25 00:00:00", title: "Visa Application", description: "Information for steps in visa application", categories: "MISSING", num_claims: 0, form_type: "Visa Application", _status: 0, created_at: "2019-11-10 08:27:50", updated_at: "2019-11-10 08:27:50">}, missing required keys: [:rid]):
    17:     %body 
    18:         -@requests.each do |r|
    19:             %tr
    20:                 %td= link_to "#{r.title}", show_request_path(r) 
    21:                 %td= r.from_language
    22:                 %td= r.to_language
    23:                 %td= r._status
  
app/views/requests/index.html.haml:20
app/views/requests/index.html.haml:18
Started GET "/" for ::1 at 2019-11-10 01:13:57 -0800
  [1m[35m (0.1ms)[0m  [1m[34mSELECT sqlite_version(*)[0m
Processing by RequestsController#index as HTML
  Rendering requests/index.html.haml
  [1m[36mRequest Load (0.2ms)[0m  [1m[34mSELECT "requests".* FROM "requests" WHERE "requests"."user_tarjimly_id" = ?[0m  [["user_tarjimly_id", 2]]
  ↳ app/views/requests/index.html.haml:18
  Rendered requests/index.html.haml (Duration: 16.3ms | Allocations: 13701)
Completed 500 Internal Server Error in 23ms (ActiveRecord: 1.0ms | Allocations: 17978)


  
ActionView::Template::Error (No route matches {:action=>"show", :controller=>"requests", :uid=>#<Request id: 4, user_tarjimly_id: 2, from_language: "Arabic", to_language: "Urdu", document: "location_of_file", document_format: "jpg", deadline: "2019-12-25 00:00:00", title: "Visa Application", description: "Information for steps in visa application", categories: "MISSING", num_claims: 0, form_type: "Visa Application", _status: 0, created_at: "2019-11-10 08:27:50", updated_at: "2019-11-10 08:27:50">}, missing required keys: [:rid]):
    17:     %body 
    18:         -@requests.each do |r|
    19:             %tr
    20:                 %td= link_to "#{r.title}", show_requests_path(r) 
    21:                 %td= r.from_language
    22:                 %td= r.to_language
    23:                 %td= r._status
  
app/views/requests/index.html.haml:20
app/views/requests/index.html.haml:18
Started GET "/" for ::1 at 2019-11-10 01:14:19 -0800
  [1m[35m (0.1ms)[0m  [1m[34mSELECT sqlite_version(*)[0m
Processing by RequestsController#index as HTML
  Rendering requests/index.html.haml
  [1m[36mRequest Load (0.2ms)[0m  [1m[34mSELECT "requests".* FROM "requests" WHERE "requests"."user_tarjimly_id" = ?[0m  [["user_tarjimly_id", 2]]
  ↳ app/views/requests/index.html.haml:18
  Rendered requests/index.html.haml (Duration: 11.0ms | Allocations: 10199)
Completed 500 Internal Server Error in 16ms (ActiveRecord: 1.0ms | Allocations: 13688)


  
ActionView::Template::Error (No route matches {:action=>"show", :controller=>"request", :uid=>#<Request id: 4, user_tarjimly_id: 2, from_language: "Arabic", to_language: "Urdu", document: "location_of_file", document_format: "jpg", deadline: "2019-12-25 00:00:00", title: "Visa Application", description: "Information for steps in visa application", categories: "MISSING", num_claims: 0, form_type: "Visa Application", _status: 0, created_at: "2019-11-10 08:27:50", updated_at: "2019-11-10 08:27:50">}, missing required keys: [:rid]):
    17:     %body 
    18:         -@requests.each do |r|
    19:             %tr
    20:                 %td= link_to "#{r.title}", show_requests_path(r) 
    21:                 %td= r.from_language
    22:                 %td= r.to_language
    23:                 %td= r._status
  
app/views/requests/index.html.haml:20
app/views/requests/index.html.haml:18
Started GET "/" for ::1 at 2019-11-10 01:14:41 -0800
  [1m[35m (0.1ms)[0m  [1m[34mSELECT sqlite_version(*)[0m
Processing by RequestsController#index as HTML
  Rendering requests/index.html.haml
  [1m[36mRequest Load (0.2ms)[0m  [1m[34mSELECT "requests".* FROM "requests" WHERE "requests"."user_tarjimly_id" = ?[0m  [["user_tarjimly_id", 2]]
  ↳ app/views/requests/index.html.haml:18
  Rendered requests/index.html.haml (Duration: 22.5ms | Allocations: 10231)
Completed 500 Internal Server Error in 27ms (ActiveRecord: 0.7ms | Allocations: 13723)


  
ActionView::Template::Error (No route matches {:action=>"show", :controller=>"requests", :uid=>#<Request id: 4, user_tarjimly_id: 2, from_language: "Arabic", to_language: "Urdu", document: "location_of_file", document_format: "jpg", deadline: "2019-12-25 00:00:00", title: "Visa Application", description: "Information for steps in visa application", categories: "MISSING", num_claims: 0, form_type: "Visa Application", _status: 0, created_at: "2019-11-10 08:27:50", updated_at: "2019-11-10 08:27:50">}, missing required keys: [:rid]):
    17:     %body 
    18:         -@requests.each do |r|
    19:             %tr
    20:                 %td= link_to "#{r.title}", show_requests_path(r) 
    21:                 %td= r.from_language
    22:                 %td= r.to_language
    23:                 %td= r._status
  
app/views/requests/index.html.haml:20
app/views/requests/index.html.haml:18
Started GET "/" for ::1 at 2019-11-10 01:15:15 -0800
Processing by RequestsController#index as HTML
  Rendering requests/index.html.haml
  [1m[36mRequest Load (0.2ms)[0m  [1m[34mSELECT "requests".* FROM "requests" WHERE "requests"."user_tarjimly_id" = ?[0m  [["user_tarjimly_id", 2]]
  ↳ app/views/requests/index.html.haml:18
  Rendered requests/index.html.haml (Duration: 2.3ms | Allocations: 1761)
Completed 500 Internal Server Error in 4ms (ActiveRecord: 0.2ms | Allocations: 2163)


  
ActionView::Template::Error (No route matches {:action=>"show", :controller=>"requests", :uid=>#<Request id: 4, user_tarjimly_id: 2, from_language: "Arabic", to_language: "Urdu", document: "location_of_file", document_format: "jpg", deadline: "2019-12-25 00:00:00", title: "Visa Application", description: "Information for steps in visa application", categories: "MISSING", num_claims: 0, form_type: "Visa Application", _status: 0, created_at: "2019-11-10 08:27:50", updated_at: "2019-11-10 08:27:50">}, missing required keys: [:rid]):
    17:     %body 
    18:         -@requests.each do |r|
    19:             %tr
    20:                 %td= link_to "#{r.title}", show_requests_path(r) 
    21:                 %td= r.from_language
    22:                 %td= r.to_language
    23:                 %td= r._status
  
app/views/requests/index.html.haml:20
app/views/requests/index.html.haml:18
Started GET "/" for ::1 at 2019-11-10 01:22:26 -0800
  [1m[35m (0.1ms)[0m  [1m[34mSELECT sqlite_version(*)[0m
Processing by RequestsController#index as HTML
  Rendering requests/index.html.haml
  [1m[36mRequest Load (0.2ms)[0m  [1m[34mSELECT "requests".* FROM "requests" WHERE "requests"."user_tarjimly_id" = ?[0m  [["user_tarjimly_id", 2]]
  ↳ app/views/requests/index.html.haml:18
  Rendered requests/index.html.haml (Duration: 22.7ms | Allocations: 15565)
Completed 500 Internal Server Error in 28ms (ActiveRecord: 0.2ms | Allocations: 19477)


  
ActionView::Template::Error (undefined method `user_trajimly_id' for #<Request:0x00007fbc353d46d8>
Did you mean?  user_tarjimly_id
               user_tarjimly_id=
               user_tarjimly_id?):
    17:     %body 
    18:         -@requests.each do |r|
    19:             %tr
    20:                 %td= link_to "#{r.title}", show_requests_path(r.user_trajimly_id, r.id) 
    21:                 %td= r.from_language
    22:                 %td= r.to_language
    23:                 %td= r._status
  
app/views/requests/index.html.haml:20
app/views/requests/index.html.haml:18
Started GET "/" for ::1 at 2019-11-10 01:29:33 -0800
  [1m[35m (0.1ms)[0m  [1m[34mSELECT sqlite_version(*)[0m
Processing by RequestsController#index as HTML
  Rendering requests/index.html.haml
  [1m[36mRequest Load (0.3ms)[0m  [1m[34mSELECT "requests".* FROM "requests" WHERE "requests"."user_tarjimly_id" = ?[0m  [["user_tarjimly_id", 2]]
  ↳ app/views/requests/index.html.haml:18
  Rendered requests/index.html.haml (Duration: 4.7ms | Allocations: 5130)
Completed 500 Internal Server Error in 7ms (ActiveRecord: 0.3ms | Allocations: 6424)


  
ActionView::Template::Error (No route matches {:action=>"show", :controller=>"requests", :uid=>nil}, missing required keys: [:rid], possible unmatched constraints: [:uid]):
    17:     %body 
    18:         -@requests.each do |r|
    19:             %tr
    20:                 %td= link_to "#{r.title}", show_requests_path(@r) 
    21:                 %td= r.from_language
    22:                 %td= r.to_language
    23:                 %td= r._status
  
app/views/requests/index.html.haml:20
app/views/requests/index.html.haml:18
Started GET "/" for ::1 at 2019-11-10 01:29:34 -0800
Processing by RequestsController#index as HTML
  Rendering requests/index.html.haml
  [1m[36mRequest Load (0.2ms)[0m  [1m[34mSELECT "requests".* FROM "requests" WHERE "requests"."user_tarjimly_id" = ?[0m  [["user_tarjimly_id", 2]]
  ↳ app/views/requests/index.html.haml:18
  Rendered requests/index.html.haml (Duration: 2.0ms | Allocations: 1621)
Completed 500 Internal Server Error in 3ms (ActiveRecord: 0.2ms | Allocations: 2016)


  
ActionView::Template::Error (No route matches {:action=>"show", :controller=>"requests", :uid=>nil}, missing required keys: [:rid], possible unmatched constraints: [:uid]):
    17:     %body 
    18:         -@requests.each do |r|
    19:             %tr
    20:                 %td= link_to "#{r.title}", show_requests_path(@r) 
    21:                 %td= r.from_language
    22:                 %td= r.to_language
    23:                 %td= r._status
  
app/views/requests/index.html.haml:20
app/views/requests/index.html.haml:18
Started GET "/" for ::1 at 2019-11-10 01:30:22 -0800
Processing by RequestsController#index as HTML
  Rendering requests/index.html.haml
  [1m[36mRequest Load (0.2ms)[0m  [1m[34mSELECT "requests".* FROM "requests" WHERE "requests"."user_tarjimly_id" = ?[0m  [["user_tarjimly_id", 2]]
  ↳ app/views/requests/index.html.haml:18
  Rendered requests/index.html.haml (Duration: 7.4ms | Allocations: 5366)
Completed 500 Internal Server Error in 11ms (ActiveRecord: 0.2ms | Allocations: 6660)


  
ActionView::Template::Error (undefined method `user_tarjimly_id' for nil:NilClass):
    17:     %body 
    18:         -@requests.each do |r|
    19:             %tr
    20:                 %td= link_to "#{r.title}", show_requests_path(@r.user_tarjimly_id, @r.id) 
    21:                 %td= r.from_language
    22:                 %td= r.to_language
    23:                 %td= r._status
  
app/views/requests/index.html.haml:20
app/views/requests/index.html.haml:18
Started GET "/" for ::1 at 2019-11-10 01:30:45 -0800
  [1m[35m (0.1ms)[0m  [1m[34mSELECT sqlite_version(*)[0m
Processing by RequestsController#index as HTML
  Rendering requests/index.html.haml
  [1m[36mRequest Load (0.2ms)[0m  [1m[34mSELECT "requests".* FROM "requests" WHERE "requests"."user_tarjimly_id" = ?[0m  [["user_tarjimly_id", 1]]
  ↳ app/views/requests/index.html.haml:18
  Rendered requests/index.html.haml (Duration: 11.3ms | Allocations: 10415)
Completed 500 Internal Server Error in 16ms (ActiveRecord: 0.8ms | Allocations: 13902)


  
ActionView::Template::Error (undefined method `user_tarjimly_id' for nil:NilClass):
    17:     %body 
    18:         -@requests.each do |r|
    19:             %tr
    20:                 %td= link_to "#{r.title}", show_requests_path(@r.user_tarjimly_id, @r.id) 
    21:                 %td= r.from_language
    22:                 %td= r.to_language
    23:                 %td= r._status
  
app/views/requests/index.html.haml:20
app/views/requests/index.html.haml:18
Started GET "/" for ::1 at 2019-11-10 01:30:54 -0800
Processing by RequestsController#index as HTML
  Rendering requests/index.html.haml
  [1m[36mRequest Load (0.3ms)[0m  [1m[34mSELECT "requests".* FROM "requests" WHERE "requests"."user_tarjimly_id" = ?[0m  [["user_tarjimly_id", 1]]
  ↳ app/views/requests/index.html.haml:18
  Rendered requests/index.html.haml (Duration: 4.1ms | Allocations: 1973)
Completed 500 Internal Server Error in 5ms (ActiveRecord: 0.3ms | Allocations: 2367)


  
ActionView::Template::Error (undefined method `user_tarjimly_id' for nil:NilClass):
    17:     %body 
    18:         -@requests.each do |r|
    19:             %tr
    20:                 %td= link_to "#{r.title}", show_requests_path(@r.user_tarjimly_id, @r.id) 
    21:                 %td= r.from_language
    22:                 %td= r.to_language
    23:                 %td= r._status
  
app/views/requests/index.html.haml:20
app/views/requests/index.html.haml:18
Started GET "/" for ::1 at 2019-11-10 01:31:18 -0800
Processing by RequestsController#index as HTML
  Rendering requests/index.html.haml
  [1m[36mRequest Load (0.2ms)[0m  [1m[34mSELECT "requests".* FROM "requests" WHERE "requests"."user_tarjimly_id" = ?[0m  [["user_tarjimly_id", 1]]
  ↳ app/views/requests/index.html.haml:18
  Rendered requests/index.html.haml (Duration: 3.6ms | Allocations: 4549)
Completed 200 OK in 7ms (Views: 5.3ms | ActiveRecord: 0.2ms | Allocations: 5868)


Started GET "/" for ::1 at 2019-11-10 01:32:05 -0800
Processing by RequestsController#index as HTML
  Rendering requests/index.html.haml
  [1m[36mRequest Load (0.2ms)[0m  [1m[34mSELECT "requests".* FROM "requests" WHERE "requests"."user_tarjimly_id" = ?[0m  [["user_tarjimly_id", 1]]
  ↳ app/views/requests/index.html.haml:18
  Rendered requests/index.html.haml (Duration: 4.7ms | Allocations: 5431)
Completed 500 Internal Server Error in 8ms (ActiveRecord: 0.2ms | Allocations: 6718)


  
ActionView::Template::Error (undefined method `user_tarjimly_id' for nil:NilClass):
    17:     %body 
    18:         -@requests.each do |r|
    19:             %tr
    20:                 %td= link_to "#{r.title}", show_requests_path(uid: @r.user_tarjimly_id, rid: @r.id) 
    21:                 %td= r.from_language
    22:                 %td= r.to_language
    23:                 %td= r._status
  
app/views/requests/index.html.haml:20
app/views/requests/index.html.haml:18
Started GET "/" for ::1 at 2019-11-10 01:33:19 -0800
Processing by RequestsController#index as HTML
  Rendering requests/index.html.haml
  [1m[36mRequest Load (0.2ms)[0m  [1m[34mSELECT "requests".* FROM "requests" WHERE "requests"."user_tarjimly_id" = ?[0m  [["user_tarjimly_id", 1]]
  ↳ app/views/requests/index.html.haml:18
  Rendered requests/index.html.haml (Duration: 5.6ms | Allocations: 5437)
Completed 500 Internal Server Error in 8ms (ActiveRecord: 0.2ms | Allocations: 6731)


  
ActionView::Template::Error (undefined method `user_tarjimly_id' for nil:NilClass):
    17:     %body 
    18:         -@requests.each do |r|
    19:             %tr
    20:                 %td= link_to "#{r.title}", show_requests_path(:uid => @r.user_tarjimly_id, :rid => @r.id) 
    21:                 %td= r.from_language
    22:                 %td= r.to_language
    23:                 %td= r._status
  
app/views/requests/index.html.haml:20
app/views/requests/index.html.haml:18
Started GET "/" for ::1 at 2019-11-10 01:33:20 -0800
Processing by RequestsController#index as HTML
  Rendering requests/index.html.haml
  [1m[36mRequest Load (0.2ms)[0m  [1m[34mSELECT "requests".* FROM "requests" WHERE "requests"."user_tarjimly_id" = ?[0m  [["user_tarjimly_id", 1]]
  ↳ app/views/requests/index.html.haml:18
  Rendered requests/index.html.haml (Duration: 3.1ms | Allocations: 1972)
Completed 500 Internal Server Error in 4ms (ActiveRecord: 0.2ms | Allocations: 2367)


  
ActionView::Template::Error (undefined method `user_tarjimly_id' for nil:NilClass):
    17:     %body 
    18:         -@requests.each do |r|
    19:             %tr
    20:                 %td= link_to "#{r.title}", show_requests_path(:uid => @r.user_tarjimly_id, :rid => @r.id) 
    21:                 %td= r.from_language
    22:                 %td= r.to_language
    23:                 %td= r._status
  
app/views/requests/index.html.haml:20
app/views/requests/index.html.haml:18
Started GET "/" for ::1 at 2019-11-10 01:33:27 -0800
Processing by RequestsController#index as HTML
  Rendering requests/index.html.haml
  [1m[36mRequest Load (0.2ms)[0m  [1m[34mSELECT "requests".* FROM "requests" WHERE "requests"."user_tarjimly_id" = ?[0m  [["user_tarjimly_id", 1]]
  ↳ app/views/requests/index.html.haml:18
  Rendered requests/index.html.haml (Duration: 5.9ms | Allocations: 5123)
Completed 200 OK in 9ms (Views: 7.7ms | ActiveRecord: 0.2ms | Allocations: 6435)


Started GET "/users/1/requests/2" for ::1 at 2019-11-10 01:33:29 -0800
Processing by RequestsController#show as HTML
  Parameters: {"uid"=>"1", "rid"=>"2"}
Completed 404 Not Found in 1ms (ActiveRecord: 0.0ms | Allocations: 539)


  
ActiveRecord::RecordNotFound (Couldn't find Request without an ID):
  
app/controllers/requests_controller.rb:8:in `show'
Started GET "/users/1/requests/2" for ::1 at 2019-11-10 01:33:51 -0800
  [1m[35m (0.1ms)[0m  [1m[34mSELECT sqlite_version(*)[0m
Processing by RequestsController#show as HTML
  Parameters: {"uid"=>"1", "rid"=>"2"}
  [1m[36mRequest Load (0.1ms)[0m  [1m[34mSELECT "requests".* FROM "requests" WHERE "requests"."id" = ? LIMIT ?[0m  [["id", 2], ["LIMIT", 1]]
  ↳ app/controllers/requests_controller.rb:8:in `show'
  Rendering requests/show.html.haml
  Rendered requests/show.html.haml (Duration: 3.1ms | Allocations: 2659)
Completed 200 OK in 19ms (Views: 3.9ms | ActiveRecord: 0.7ms | Allocations: 15382)


Started GET "/users/1/requests/3" for ::1 at 2019-11-10 01:33:57 -0800
Processing by RequestsController#show as HTML
  Parameters: {"uid"=>"1", "rid"=>"3"}
  [1m[36mRequest Load (0.2ms)[0m  [1m[34mSELECT "requests".* FROM "requests" WHERE "requests"."id" = ? LIMIT ?[0m  [["id", 3], ["LIMIT", 1]]
  ↳ app/controllers/requests_controller.rb:8:in `show'
  Rendering requests/show.html.haml
  Rendered requests/show.html.haml (Duration: 0.4ms | Allocations: 67)
Completed 200 OK in 3ms (Views: 1.1ms | ActiveRecord: 0.2ms | Allocations: 943)


Started GET "/users/1/requests/14" for ::1 at 2019-11-10 01:34:01 -0800
Processing by RequestsController#show as HTML
  Parameters: {"uid"=>"1", "rid"=>"14"}
  [1m[36mRequest Load (0.1ms)[0m  [1m[34mSELECT "requests".* FROM "requests" WHERE "requests"."id" = ? LIMIT ?[0m  [["id", 14], ["LIMIT", 1]]
  ↳ app/controllers/requests_controller.rb:8:in `show'
  Rendering requests/show.html.haml
  Rendered requests/show.html.haml (Duration: 0.4ms | Allocations: 67)
Completed 200 OK in 3ms (Views: 1.2ms | ActiveRecord: 0.1ms | Allocations: 942)


Started GET "/users/1/requests/21" for ::1 at 2019-11-10 01:34:09 -0800
Processing by RequestsController#show as HTML
  Parameters: {"uid"=>"1", "rid"=>"21"}
  [1m[36mRequest Load (0.2ms)[0m  [1m[34mSELECT "requests".* FROM "requests" WHERE "requests"."id" = ? LIMIT ?[0m  [["id", 21], ["LIMIT", 1]]
  ↳ app/controllers/requests_controller.rb:8:in `show'
  Rendering requests/show.html.haml
  Rendered requests/show.html.haml (Duration: 0.4ms | Allocations: 67)
Completed 200 OK in 3ms (Views: 1.4ms | ActiveRecord: 0.2ms | Allocations: 942)


Started GET "/users/1/requests/8" for ::1 at 2019-11-10 01:34:18 -0800
Processing by RequestsController#show as HTML
  Parameters: {"uid"=>"1", "rid"=>"8"}
  [1m[36mRequest Load (0.1ms)[0m  [1m[34mSELECT "requests".* FROM "requests" WHERE "requests"."id" = ? LIMIT ?[0m  [["id", 8], ["LIMIT", 1]]
  ↳ app/controllers/requests_controller.rb:8:in `show'
  Rendering requests/show.html.haml
  Rendered requests/show.html.haml (Duration: 0.2ms | Allocations: 67)
Completed 200 OK in 2ms (Views: 0.7ms | ActiveRecord: 0.1ms | Allocations: 942)


Started GET "/users/1/requests/15" for ::1 at 2019-11-10 01:34:22 -0800
Processing by RequestsController#show as HTML
  Parameters: {"uid"=>"1", "rid"=>"15"}
  [1m[36mRequest Load (0.2ms)[0m  [1m[34mSELECT "requests".* FROM "requests" WHERE "requests"."id" = ? LIMIT ?[0m  [["id", 15], ["LIMIT", 1]]
  ↳ app/controllers/requests_controller.rb:8:in `show'
  Rendering requests/show.html.haml
  Rendered requests/show.html.haml (Duration: 0.3ms | Allocations: 67)
Completed 200 OK in 3ms (Views: 0.9ms | ActiveRecord: 0.2ms | Allocations: 942)


Started GET "/users/1/requests/9" for ::1 at 2019-11-10 01:34:26 -0800
Processing by RequestsController#show as HTML
  Parameters: {"uid"=>"1", "rid"=>"9"}
  [1m[36mRequest Load (0.2ms)[0m  [1m[34mSELECT "requests".* FROM "requests" WHERE "requests"."id" = ? LIMIT ?[0m  [["id", 9], ["LIMIT", 1]]
  ↳ app/controllers/requests_controller.rb:8:in `show'
  Rendering requests/show.html.haml
  Rendered requests/show.html.haml (Duration: 0.2ms | Allocations: 67)
Completed 200 OK in 3ms (Views: 0.7ms | ActiveRecord: 0.2ms | Allocations: 942)


Started GET "/users/1/requests/20" for ::1 at 2019-11-10 01:34:35 -0800
Processing by RequestsController#show as HTML
  Parameters: {"uid"=>"1", "rid"=>"20"}
  [1m[36mRequest Load (0.2ms)[0m  [1m[34mSELECT "requests".* FROM "requests" WHERE "requests"."id" = ? LIMIT ?[0m  [["id", 20], ["LIMIT", 1]]
  ↳ app/controllers/requests_controller.rb:8:in `show'
  Rendering requests/show.html.haml
  Rendered requests/show.html.haml (Duration: 0.2ms | Allocations: 67)
Completed 200 OK in 3ms (Views: 0.8ms | ActiveRecord: 0.2ms | Allocations: 942)


Started GET "/users/1/requests/2" for ::1 at 2019-11-10 01:34:38 -0800
Processing by RequestsController#show as HTML
  Parameters: {"uid"=>"1", "rid"=>"2"}
  [1m[36mRequest Load (0.1ms)[0m  [1m[34mSELECT "requests".* FROM "requests" WHERE "requests"."id" = ? LIMIT ?[0m  [["id", 2], ["LIMIT", 1]]
  ↳ app/controllers/requests_controller.rb:8:in `show'
  Rendering requests/show.html.haml
  Rendered requests/show.html.haml (Duration: 0.3ms | Allocations: 67)
Completed 200 OK in 3ms (Views: 1.0ms | ActiveRecord: 0.1ms | Allocations: 942)


Started GET "/users/1/requests/2" for ::1 at 2019-11-10 01:35:19 -0800
Processing by RequestsController#show as HTML
  Parameters: {"uid"=>"1", "rid"=>"2"}
  [1m[36mRequest Load (0.1ms)[0m  [1m[34mSELECT "requests".* FROM "requests" WHERE "requests"."id" = ? LIMIT ?[0m  [["id", 2], ["LIMIT", 1]]
  ↳ app/controllers/requests_controller.rb:8:in `show'
  Rendering requests/show.html.haml
  Rendered requests/show.html.haml (Duration: 0.4ms | Allocations: 67)
Completed 200 OK in 3ms (Views: 1.0ms | ActiveRecord: 0.1ms | Allocations: 942)


Started GET "/users/1/requests/8" for ::1 at 2019-11-10 01:41:24 -0800
  [1m[35m (0.1ms)[0m  [1m[34mSELECT sqlite_version(*)[0m
Processing by RequestsController#show as HTML
  Parameters: {"uid"=>"1", "rid"=>"8"}
  [1m[36mRequest Load (0.3ms)[0m  [1m[34mSELECT "requests".* FROM "requests" WHERE "requests"."id" = ? LIMIT ?[0m  [["id", 8], ["LIMIT", 1]]
  ↳ app/controllers/requests_controller.rb:8:in `show'
  Rendering requests/show.html.haml
  Rendered requests/show.html.haml (Duration: 0.3ms | Allocations: 67)
Completed 200 OK in 3ms (Views: 0.9ms | ActiveRecord: 0.3ms | Allocations: 978)


Started GET "/users/1/requests/14" for ::1 at 2019-11-10 01:41:26 -0800
Processing by RequestsController#show as HTML
  Parameters: {"uid"=>"1", "rid"=>"14"}
  [1m[36mRequest Load (0.1ms)[0m  [1m[34mSELECT "requests".* FROM "requests" WHERE "requests"."id" = ? LIMIT ?[0m  [["id", 14], ["LIMIT", 1]]
  ↳ app/controllers/requests_controller.rb:8:in `show'
  Rendering requests/show.html.haml
  Rendered requests/show.html.haml (Duration: 0.2ms | Allocations: 67)
Completed 200 OK in 2ms (Views: 0.6ms | ActiveRecord: 0.1ms | Allocations: 942)


Started GET "/users/1/requests/15" for ::1 at 2019-11-10 01:41:27 -0800
Processing by RequestsController#show as HTML
  Parameters: {"uid"=>"1", "rid"=>"15"}
  [1m[36mRequest Load (0.2ms)[0m  [1m[34mSELECT "requests".* FROM "requests" WHERE "requests"."id" = ? LIMIT ?[0m  [["id", 15], ["LIMIT", 1]]
  ↳ app/controllers/requests_controller.rb:8:in `show'
  Rendering requests/show.html.haml
  Rendered requests/show.html.haml (Duration: 0.3ms | Allocations: 67)
Completed 200 OK in 3ms (Views: 1.0ms | ActiveRecord: 0.2ms | Allocations: 942)


Started GET "/users/1/requests/21" for ::1 at 2019-11-10 01:41:29 -0800
Processing by RequestsController#show as HTML
  Parameters: {"uid"=>"1", "rid"=>"21"}
  [1m[36mRequest Load (0.2ms)[0m  [1m[34mSELECT "requests".* FROM "requests" WHERE "requests"."id" = ? LIMIT ?[0m  [["id", 21], ["LIMIT", 1]]
  ↳ app/controllers/requests_controller.rb:8:in `show'
  Rendering requests/show.html.haml
  Rendered requests/show.html.haml (Duration: 0.4ms | Allocations: 67)
Completed 200 OK in 3ms (Views: 1.0ms | ActiveRecord: 0.2ms | Allocations: 942)


Started GET "/users/1/requests/2" for ::1 at 2019-11-10 01:41:31 -0800
Processing by RequestsController#show as HTML
  Parameters: {"uid"=>"1", "rid"=>"2"}
  [1m[36mRequest Load (0.2ms)[0m  [1m[34mSELECT "requests".* FROM "requests" WHERE "requests"."id" = ? LIMIT ?[0m  [["id", 2], ["LIMIT", 1]]
  ↳ app/controllers/requests_controller.rb:8:in `show'
  Rendering requests/show.html.haml
  Rendered requests/show.html.haml (Duration: 0.4ms | Allocations: 67)
Completed 200 OK in 3ms (Views: 1.2ms | ActiveRecord: 0.2ms | Allocations: 942)


Started GET "/users/1/requests/8" for ::1 at 2019-11-10 01:41:33 -0800
Processing by RequestsController#show as HTML
  Parameters: {"uid"=>"1", "rid"=>"8"}
  [1m[36mRequest Load (0.1ms)[0m  [1m[34mSELECT "requests".* FROM "requests" WHERE "requests"."id" = ? LIMIT ?[0m  [["id", 8], ["LIMIT", 1]]
  ↳ app/controllers/requests_controller.rb:8:in `show'
  Rendering requests/show.html.haml
  Rendered requests/show.html.haml (Duration: 0.3ms | Allocations: 67)
Completed 200 OK in 3ms (Views: 1.0ms | ActiveRecord: 0.1ms | Allocations: 942)


Started GET "/users/1/requests/14" for ::1 at 2019-11-10 01:41:35 -0800
Processing by RequestsController#show as HTML
  Parameters: {"uid"=>"1", "rid"=>"14"}
  [1m[36mRequest Load (0.3ms)[0m  [1m[34mSELECT "requests".* FROM "requests" WHERE "requests"."id" = ? LIMIT ?[0m  [["id", 14], ["LIMIT", 1]]
  ↳ app/controllers/requests_controller.rb:8:in `show'
  Rendering requests/show.html.haml
  Rendered requests/show.html.haml (Duration: 0.3ms | Allocations: 67)
Completed 200 OK in 3ms (Views: 0.9ms | ActiveRecord: 0.3ms | Allocations: 942)


Started GET "/users/1/requests/3" for ::1 at 2019-11-10 01:43:46 -0800
Processing by RequestsController#show as HTML
  Parameters: {"uid"=>"1", "rid"=>"3"}
  [1m[36mRequest Load (0.2ms)[0m  [1m[34mSELECT "requests".* FROM "requests" WHERE "requests"."id" = ? LIMIT ?[0m  [["id", 3], ["LIMIT", 1]]
  ↳ app/controllers/requests_controller.rb:8:in `show'
  Rendering requests/show.html.haml
  Rendered requests/show.html.haml (Duration: 0.4ms | Allocations: 67)
Completed 200 OK in 3ms (Views: 1.2ms | ActiveRecord: 0.2ms | Allocations: 942)


Started GET "/users/1/requests/15" for ::1 at 2019-11-10 01:58:26 -0800
  [1m[35m (0.1ms)[0m  [1m[34mSELECT sqlite_version(*)[0m
Processing by RequestsController#show as HTML
  Parameters: {"uid"=>"1", "rid"=>"15"}
  [1m[36mRequest Load (0.2ms)[0m  [1m[34mSELECT "requests".* FROM "requests" WHERE "requests"."id" = ? LIMIT ?[0m  [["id", 15], ["LIMIT", 1]]
  ↳ app/controllers/requests_controller.rb:8:in `show'
  Rendering requests/show.html.haml
  Rendered requests/show.html.haml (Duration: 1.4ms | Allocations: 2258)
Completed 500 Internal Server Error in 19ms (ActiveRecord: 0.2ms | Allocations: 15062)


  
ActionView::Template::Error (Got "else" with no preceding "if"):
    23:         Status:
    24:         - if @request._status == 0
    25:         = Pending
    26:         - else 
    27:         = Completed
    28: 
    29: 
  
app/views/requests/show.html.haml:26
Started GET "/users/1/requests/15" for ::1 at 2019-11-10 01:58:41 -0800
Processing by RequestsController#show as HTML
  Parameters: {"uid"=>"1", "rid"=>"15"}
  [1m[36mRequest Load (0.2ms)[0m  [1m[34mSELECT "requests".* FROM "requests" WHERE "requests"."id" = ? LIMIT ?[0m  [["id", 15], ["LIMIT", 1]]
  ↳ app/controllers/requests_controller.rb:8:in `show'
  Rendering requests/show.html.haml
  Rendered requests/show.html.haml (Duration: 1.6ms | Allocations: 2314)
Completed 500 Internal Server Error in 6ms (ActiveRecord: 0.2ms | Allocations: 4070)


  
ActionView::Template::Error (Got "else" with no preceding "if"):
    23:         Status:
    24:         - if (@request._status == 0)
    25:         = Pending
    26:         - else 
    27:         = Completed
    28: 
    29: 
  
app/views/requests/show.html.haml:26
Started GET "/users/1/requests/15" for ::1 at 2019-11-10 01:59:00 -0800
Processing by RequestsController#show as HTML
  Parameters: {"uid"=>"1", "rid"=>"15"}
  [1m[36mRequest Load (0.2ms)[0m  [1m[34mSELECT "requests".* FROM "requests" WHERE "requests"."id" = ? LIMIT ?[0m  [["id", 15], ["LIMIT", 1]]
  ↳ app/controllers/requests_controller.rb:8:in `show'
  Rendering requests/show.html.haml
  Rendered requests/show.html.haml (Duration: 1.8ms | Allocations: 2441)
Completed 500 Internal Server Error in 5ms (ActiveRecord: 0.2ms | Allocations: 4197)


  
ActionView::Template::Error (Inconsistent indentation: 1 space used for indentation, but the rest of the document was indented using 4 spaces.):
    32: %p#description= @request.description
    33: 
    34: 
    35:  t.integer "user_tarjimly_id"
    36:     t.string "from_language"
    37:     t.string "to_language"
    38:     t.string "document"
  
app/views/requests/show.html.haml:35
Started GET "/users/1/requests/15" for ::1 at 2019-11-10 01:59:07 -0800
Processing by RequestsController#show as HTML
  Parameters: {"uid"=>"1", "rid"=>"15"}
  [1m[36mRequest Load (0.2ms)[0m  [1m[34mSELECT "requests".* FROM "requests" WHERE "requests"."id" = ? LIMIT ?[0m  [["id", 15], ["LIMIT", 1]]
  ↳ app/controllers/requests_controller.rb:8:in `show'
  Rendering requests/show.html.haml
  Rendered requests/show.html.haml (Duration: 13.2ms | Allocations: 6457)
Completed 500 Internal Server Error in 18ms (ActiveRecord: 0.2ms | Allocations: 8216)


  
ActionView::Template::Error (uninitialized constant Pending):
    22:     %li
    23:         Status:
    24:         - if (@request._status == 0)
    25:             = Pending
    26:         - else 
    27:             = Completed
    28: 
  
app/views/requests/show.html.haml:25
Started GET "/users/1/requests/15" for ::1 at 2019-11-10 01:59:27 -0800
Processing by RequestsController#show as HTML
  Parameters: {"uid"=>"1", "rid"=>"15"}
  [1m[36mRequest Load (0.2ms)[0m  [1m[34mSELECT "requests".* FROM "requests" WHERE "requests"."id" = ? LIMIT ?[0m  [["id", 15], ["LIMIT", 1]]
  ↳ app/controllers/requests_controller.rb:8:in `show'
  Rendering requests/show.html.haml
  Rendered requests/show.html.haml (Duration: 4.6ms | Allocations: 3387)
Completed 200 OK in 9ms (Views: 6.8ms | ActiveRecord: 0.2ms | Allocations: 5161)


DEPRECATION WARNING: Single arity template handlers are deprecated. Template handlers must
now accept two parameters, the view object and the source for the view object.
Change:
  >> Coffee::Rails::TemplateHandler.call(template)
To:
  >> Coffee::Rails::TemplateHandler.call(template, source)
 (called from <main> at /Users/cassidyhardin/Desktop/CS/Tarjimly/config/environment.rb:6)
Started GET "/users/1/requests/15" for ::1 at 2019-11-10 03:03:20 -0800
  [1m[35m (0.9ms)[0m  [1m[34mSELECT sqlite_version(*)[0m
  [1m[35m (0.2ms)[0m  [1m[34mSELECT "schema_migrations"."version" FROM "schema_migrations" ORDER BY "schema_migrations"."version" ASC[0m
Processing by RequestsController#show as HTML
  Parameters: {"uid"=>"1", "rid"=>"15"}
  [1m[36mRequest Load (0.2ms)[0m  [1m[34mSELECT "requests".* FROM "requests" WHERE "requests"."id" = ? LIMIT ?[0m  [["id", 15], ["LIMIT", 1]]
  ↳ app/controllers/requests_controller.rb:8:in `show'
  Rendering requests/show.html.haml
  Rendered requests/show.html.haml (Duration: 8.0ms | Allocations: 5347)
Completed 200 OK in 38ms (Views: 13.2ms | ActiveRecord: 0.7ms | Allocations: 19991)


Started GET "/" for ::1 at 2019-11-10 03:03:24 -0800
Processing by RequestsController#index as HTML
  Rendering requests/index.html.haml
  [1m[36mRequest Load (0.4ms)[0m  [1m[34mSELECT "requests".* FROM "requests" WHERE "requests"."user_tarjimly_id" = ?[0m  [["user_tarjimly_id", 1]]
  ↳ app/views/requests/index.html.haml:18
  Rendered requests/index.html.haml (Duration: 11.9ms | Allocations: 5191)
Completed 200 OK in 14ms (Views: 12.2ms | ActiveRecord: 0.4ms | Allocations: 5753)


Started GET "/" for ::1 at 2019-11-10 03:03:28 -0800
Processing by RequestsController#index as HTML
  Rendering requests/index.html.haml
  [1m[36mRequest Load (0.2ms)[0m  [1m[34mSELECT "requests".* FROM "requests" WHERE "requests"."user_tarjimly_id" = ?[0m  [["user_tarjimly_id", 1]]
  ↳ app/views/requests/index.html.haml:18
  Rendered requests/index.html.haml (Duration: 3.9ms | Allocations: 1548)
Completed 200 OK in 6ms (Views: 4.6ms | ActiveRecord: 0.2ms | Allocations: 1969)


Started GET "/" for ::1 at 2019-11-10 03:03:28 -0800
Processing by RequestsController#index as HTML
  Rendering requests/index.html.haml
  [1m[36mRequest Load (0.7ms)[0m  [1m[34mSELECT "requests".* FROM "requests" WHERE "requests"."user_tarjimly_id" = ?[0m  [["user_tarjimly_id", 1]]
  ↳ app/views/requests/index.html.haml:18
  Rendered requests/index.html.haml (Duration: 4.6ms | Allocations: 1548)
Completed 200 OK in 7ms (Views: 4.4ms | ActiveRecord: 0.7ms | Allocations: 1968)


Started GET "/" for ::1 at 2019-11-10 03:03:29 -0800
Processing by RequestsController#index as HTML
  Rendering requests/index.html.haml
  [1m[36mRequest Load (0.2ms)[0m  [1m[34mSELECT "requests".* FROM "requests" WHERE "requests"."user_tarjimly_id" = ?[0m  [["user_tarjimly_id", 1]]
  ↳ app/views/requests/index.html.haml:18
  Rendered requests/index.html.haml (Duration: 4.8ms | Allocations: 1548)
Completed 200 OK in 7ms (Views: 6.0ms | ActiveRecord: 0.2ms | Allocations: 1968)


Started GET "/" for ::1 at 2019-11-10 03:03:36 -0800
Processing by RequestsController#index as HTML
  Rendering requests/index.html.haml
  [1m[36mRequest Load (0.2ms)[0m  [1m[34mSELECT "requests".* FROM "requests" WHERE "requests"."user_tarjimly_id" = ?[0m  [["user_tarjimly_id", 1]]
  ↳ app/views/requests/index.html.haml:18
  Rendered requests/index.html.haml (Duration: 10.6ms | Allocations: 5106)
Completed 200 OK in 15ms (Views: 13.8ms | ActiveRecord: 0.2ms | Allocations: 6411)


Started GET "/" for ::1 at 2019-11-10 03:03:36 -0800
Processing by RequestsController#index as HTML
  Rendering requests/index.html.haml
  [1m[36mRequest Load (0.9ms)[0m  [1m[34mSELECT "requests".* FROM "requests" WHERE "requests"."user_tarjimly_id" = ?[0m  [["user_tarjimly_id", 1]]
  ↳ app/views/requests/index.html.haml:18
  Rendered requests/index.html.haml (Duration: 5.2ms | Allocations: 1537)
Completed 200 OK in 7ms (Views: 4.8ms | ActiveRecord: 0.9ms | Allocations: 1950)


Started GET "/" for ::1 at 2019-11-10 03:07:36 -0800
Processing by RequestsController#index as HTML
  Rendering requests/index.html.haml
  [1m[36mRequest Load (0.2ms)[0m  [1m[34mSELECT "requests".* FROM "requests" WHERE "requests"."user_tarjimly_id" = ?[0m  [["user_tarjimly_id", 1]]
  ↳ app/views/requests/index.html.haml:18
  Rendered requests/index.html.haml (Duration: 4.6ms | Allocations: 5392)
Completed 200 OK in 7ms (Views: 5.8ms | ActiveRecord: 0.2ms | Allocations: 6706)


Started GET "/users/1/requests/2" for ::1 at 2019-11-10 03:37:36 -0800
  [1m[35m (0.1ms)[0m  [1m[34mSELECT sqlite_version(*)[0m
Processing by RequestsController#show as HTML
  Parameters: {"uid"=>"1", "rid"=>"2"}
  [1m[36mRequest Load (0.5ms)[0m  [1m[34mSELECT "requests".* FROM "requests" WHERE "requests"."id" = ? LIMIT ?[0m  [["id", 2], ["LIMIT", 1]]
  ↳ app/controllers/requests_controller.rb:8:in `show'
  Rendering requests/show.html.haml
  Rendered requests/show.html.haml (Duration: 3.1ms | Allocations: 3390)
Completed 200 OK in 6ms (Views: 3.7ms | ActiveRecord: 0.5ms | Allocations: 4443)


Started GET "/users/1/requests/2" for ::1 at 2019-11-10 03:46:09 -0800
  [1m[35m (0.1ms)[0m  [1m[34mSELECT sqlite_version(*)[0m
Processing by RequestsController#show as HTML
  Parameters: {"uid"=>"1", "rid"=>"2"}
  [1m[36mRequest Load (0.6ms)[0m  [1m[34mSELECT "requests".* FROM "requests" WHERE "requests"."id" = ? LIMIT ?[0m  [["id", 2], ["LIMIT", 1]]
  ↳ app/controllers/requests_controller.rb:8:in `show'
  Rendering requests/show.html.haml
  Rendered requests/show.html.haml (Duration: 307.0ms | Allocations: 160710)
Completed 500 Internal Server Error in 312ms (ActiveRecord: 0.6ms | Allocations: 162503)


  
ActionView::Template::Error (undefined local variable or method `r' for #<#<Class:0x00007fe92f9e4cb8>:0x00007fe92f9d1aa0>):
    31: 
    32: %p#description= @request.description
    33: 
    34: = link_to 'New Request', new_requests_path(:uid => r.user_tarjimly_id)
    35: = link_to 'View All Requests', index_requests_path(:uid => r.user_tarjimly_id)
  
app/views/requests/show.html.haml:34
Started GET "/users/1/requests/2" for ::1 at 2019-11-10 03:47:04 -0800
Processing by RequestsController#show as HTML
  Parameters: {"uid"=>"1", "rid"=>"2"}
  [1m[36mRequest Load (0.2ms)[0m  [1m[34mSELECT "requests".* FROM "requests" WHERE "requests"."id" = ? LIMIT ?[0m  [["id", 2], ["LIMIT", 1]]
  ↳ app/controllers/requests_controller.rb:8:in `show'
  Rendering requests/show.html.haml
  Rendered requests/show.html.haml (Duration: 2.8ms | Allocations: 3665)
Completed 200 OK in 7ms (Views: 4.5ms | ActiveRecord: 0.2ms | Allocations: 5478)


Started GET "/users/1/requests/new" for ::1 at 2019-11-10 03:47:06 -0800
Processing by RequestsController#show as HTML
  Parameters: {"uid"=>"1", "rid"=>"new"}
  [1m[36mRequest Load (0.1ms)[0m  [1m[34mSELECT "requests".* FROM "requests" WHERE "requests"."id" = ? LIMIT ?[0m  [["id", nil], ["LIMIT", 1]]
  ↳ app/controllers/requests_controller.rb:8:in `show'
Completed 404 Not Found in 2ms (ActiveRecord: 0.1ms | Allocations: 974)


  
ActiveRecord::RecordNotFound (Couldn't find Request with 'id'=new):
  
app/controllers/requests_controller.rb:8:in `show'
Started GET "/users/1/requests" for ::1 at 2019-11-10 03:47:08 -0800
Processing by RequestsController#index as HTML
  Parameters: {"uid"=>"1"}
  Rendering requests/index.html.haml
  [1m[36mRequest Load (0.5ms)[0m  [1m[34mSELECT "requests".* FROM "requests" WHERE "requests"."user_tarjimly_id" = ?[0m  [["user_tarjimly_id", 1]]
  ↳ app/views/requests/index.html.haml:18
  Rendered requests/index.html.haml (Duration: 11.2ms | Allocations: 5432)
Completed 200 OK in 13ms (Views: 11.3ms | ActiveRecord: 0.5ms | Allocations: 6002)


Started GET "/" for ::1 at 2019-11-10 14:07:04 -0800
  [1m[35m (0.2ms)[0m  [1m[34mSELECT sqlite_version(*)[0m
Processing by RequestsController#index as HTML
  Rendering requests/index.html.haml
  [1m[36mRequest Load (1.0ms)[0m  [1m[34mSELECT "requests".* FROM "requests" WHERE "requests"."user_tarjimly_id" = ?[0m  [["user_tarjimly_id", 1]]
  ↳ app/views/requests/index.html.haml:18
  Rendered requests/index.html.haml (Duration: 17.2ms | Allocations: 5426)
Completed 200 OK in 28ms (Views: 21.5ms | ActiveRecord: 1.0ms | Allocations: 6739)


DEPRECATION WARNING: Single arity template handlers are deprecated. Template handlers must
now accept two parameters, the view object and the source for the view object.
Change:
  >> Coffee::Rails::TemplateHandler.call(template)
To:
  >> Coffee::Rails::TemplateHandler.call(template, source)
 (called from <main> at /Users/cassidyhardin/Desktop/CS/Tarjimly/config/environment.rb:6)
Started GET "/" for ::1 at 2019-11-10 14:07:14 -0800
  [1m[35m (0.3ms)[0m  [1m[34mSELECT sqlite_version(*)[0m
  [1m[35m (0.6ms)[0m  [1m[34mSELECT "schema_migrations"."version" FROM "schema_migrations" ORDER BY "schema_migrations"."version" ASC[0m
Processing by RequestsController#index as HTML
  Rendering requests/index.html.haml
  [1m[36mRequest Load (0.2ms)[0m  [1m[34mSELECT "requests".* FROM "requests" WHERE "requests"."user_tarjimly_id" = ?[0m  [["user_tarjimly_id", 1]]
  ↳ app/views/requests/index.html.haml:18
  Rendered requests/index.html.haml (Duration: 14.9ms | Allocations: 16301)
Completed 200 OK in 26ms (Views: 16.9ms | ActiveRecord: 0.8ms | Allocations: 20642)


Started GET "/" for ::1 at 2019-11-10 14:07:16 -0800
Processing by RequestsController#index as HTML
  Rendering requests/index.html.haml
  [1m[36mRequest Load (0.2ms)[0m  [1m[34mSELECT "requests".* FROM "requests" WHERE "requests"."user_tarjimly_id" = ?[0m  [["user_tarjimly_id", 1]]
  ↳ app/views/requests/index.html.haml:18
  Rendered requests/index.html.haml (Duration: 2.8ms | Allocations: 1540)
Completed 200 OK in 4ms (Views: 3.3ms | ActiveRecord: 0.2ms | Allocations: 1961)


Started GET "/" for ::1 at 2019-11-10 14:07:32 -0800
Processing by RequestsController#index as HTML
  Rendering requests/index.html.haml
  [1m[36mRequest Load (0.2ms)[0m  [1m[34mSELECT "requests".* FROM "requests" WHERE "requests"."user_tarjimly_id" = ?[0m  [["user_tarjimly_id", 1]]
  ↳ app/views/requests/index.html.haml:18
  Rendered requests/index.html.haml (Duration: 2.4ms | Allocations: 1540)
Completed 200 OK in 4ms (Views: 2.8ms | ActiveRecord: 0.2ms | Allocations: 1960)


Started GET "/users/1/requests/2" for ::1 at 2019-11-10 14:07:35 -0800
Processing by RequestsController#show as HTML
  Parameters: {"uid"=>"1", "rid"=>"2"}
  [1m[36mRequest Load (0.2ms)[0m  [1m[34mSELECT "requests".* FROM "requests" WHERE "requests"."id" = ? LIMIT ?[0m  [["id", 2], ["LIMIT", 1]]
  ↳ app/controllers/requests_controller.rb:8:in `show'
  Rendering requests/show.html.haml
  Rendered requests/show.html.haml (Duration: 6.5ms | Allocations: 3660)
Completed 200 OK in 12ms (Views: 8.8ms | ActiveRecord: 0.2ms | Allocations: 4846)


Started GET "/" for ::1 at 2019-11-10 14:08:53 -0800
Processing by RequestsController#index as HTML
  Rendering requests/index.html.haml
  [1m[36mRequest Load (0.2ms)[0m  [1m[34mSELECT "requests".* FROM "requests" WHERE "requests"."user_tarjimly_id" = ?[0m  [["user_tarjimly_id", 1]]
  ↳ app/views/requests/index.html.haml:18
  Rendered requests/index.html.haml (Duration: 4.2ms | Allocations: 1541)
Completed 200 OK in 6ms (Views: 5.2ms | ActiveRecord: 0.2ms | Allocations: 1962)


Started GET "/users/1/requests/3" for ::1 at 2019-11-10 14:08:55 -0800
Processing by RequestsController#show as HTML
  Parameters: {"uid"=>"1", "rid"=>"3"}
  [1m[36mRequest Load (0.1ms)[0m  [1m[34mSELECT "requests".* FROM "requests" WHERE "requests"."id" = ? LIMIT ?[0m  [["id", 3], ["LIMIT", 1]]
  ↳ app/controllers/requests_controller.rb:8:in `show'
  Rendering requests/show.html.haml
  Rendered requests/show.html.haml (Duration: 1.5ms | Allocations: 208)
Completed 200 OK in 4ms (Views: 2.2ms | ActiveRecord: 0.1ms | Allocations: 1083)


Started GET "/users/1/requests/2" for ::1 at 2019-11-10 14:10:06 -0800
Processing by RequestsController#show as HTML
  Parameters: {"uid"=>"1", "rid"=>"2"}
  [1m[36mRequest Load (0.2ms)[0m  [1m[34mSELECT "requests".* FROM "requests" WHERE "requests"."id" = ? LIMIT ?[0m  [["id", 2], ["LIMIT", 1]]
  ↳ app/controllers/requests_controller.rb:8:in `show'
  Rendering requests/show.html.haml
  Rendered requests/show.html.haml (Duration: 1.2ms | Allocations: 208)
Completed 200 OK in 5ms (Views: 1.6ms | ActiveRecord: 0.2ms | Allocations: 1083)


Started GET "/users/1/requests/2" for ::1 at 2019-11-10 14:21:50 -0800
  [1m[35m (0.1ms)[0m  [1m[34mSELECT sqlite_version(*)[0m
Processing by RequestsController#show as HTML
  Parameters: {"uid"=>"1", "rid"=>"2"}
  [1m[36mRequest Load (0.2ms)[0m  [1m[34mSELECT "requests".* FROM "requests" WHERE "requests"."id" = ? LIMIT ?[0m  [["id", 2], ["LIMIT", 1]]
  ↳ app/controllers/requests_controller.rb:11:in `show'
  Rendering requests/show.html.haml
  Rendered requests/show.html.haml (Duration: 3.6ms | Allocations: 3595)
Completed 200 OK in 33ms (Views: 5.6ms | ActiveRecord: 0.2ms | Allocations: 16412)


Started GET "/" for ::1 at 2019-11-10 14:21:52 -0800
Processing by RequestsController#index as HTML
  Rendering requests/index.html.haml
  [1m[36mRequest Load (0.3ms)[0m  [1m[34mSELECT "requests".* FROM "requests" WHERE "requests"."user_tarjimly_id" = ?[0m  [["user_tarjimly_id", 1]]
  ↳ app/views/requests/index.html.haml:18
  Rendered requests/index.html.haml (Duration: 7.7ms | Allocations: 5608)
Completed 200 OK in 10ms (Views: 8.1ms | ActiveRecord: 0.3ms | Allocations: 6163)


Started GET "/" for ::1 at 2019-11-10 14:21:57 -0800
Processing by RequestsController#index as HTML
  Rendering requests/index.html.haml
  [1m[36mRequest Load (0.3ms)[0m  [1m[34mSELECT "requests".* FROM "requests" WHERE "requests"."user_tarjimly_id" = ?[0m  [["user_tarjimly_id", 1]]
  ↳ app/views/requests/index.html.haml:18
  Rendered requests/index.html.haml (Duration: 4.0ms | Allocations: 1627)
Completed 200 OK in 5ms (Views: 4.3ms | ActiveRecord: 0.3ms | Allocations: 2042)


Started GET "/" for ::1 at 2019-11-10 14:29:17 -0800
  [1m[35m (0.1ms)[0m  [1m[34mSELECT sqlite_version(*)[0m
Processing by RequestsController#index as HTML
  Rendering requests/index.html.haml
  [1m[36mRequest Load (0.2ms)[0m  [1m[34mSELECT "requests".* FROM "requests" WHERE "requests"."user_tarjimly_id" IS NULL[0m
  ↳ app/views/requests/index.html.haml:18
  Rendered requests/index.html.haml (Duration: 20.1ms | Allocations: 13860)
Completed 500 Internal Server Error in 25ms (ActiveRecord: 0.2ms | Allocations: 17787)


  
ActionView::Template::Error (No route matches {:action=>"show", :controller=>"requests", :rid=>1, :uid=>nil}, possible unmatched constraints: [:uid]):
    17:     %body 
    18:         -@requests.each do |r|
    19:             %tr
    20:                 %td= link_to "#{r.title}", show_requests_path(:uid => r.user_tarjimly_id, :rid => r.id) 
    21:                 %td= r.from_language
    22:                 %td= r.to_language
    23:                 - if (r._status == 0)
  
app/views/requests/index.html.haml:20
app/views/requests/index.html.haml:18
